#
# There is insufficient memory for the Java Runtime Environment to continue.
# Native memory allocation (malloc) failed to allocate 32744 bytes. Error detail: Chunk::new
# Possible reasons:
#   The system is out of physical RAM or swap space
#   This process is running with CompressedOops enabled, and the Java Heap may be blocking the growth of the native heap
# Possible solutions:
#   Reduce memory load on the system
#   Increase physical memory or swap space
#   Check if swap backing store is full
#   Decrease Java heap size (-Xmx/-Xms)
#   Decrease number of Java threads
#   Decrease Java thread stack sizes (-Xss)
#   Set larger code cache with -XX:ReservedCodeCacheSize=
#   JVM is running with Unscaled Compressed Oops mode in which the Java heap is
#     placed in the first 4GB address space. The Java Heap base address is the
#     maximum limit for the native heap growth. Please use -XX:HeapBaseMinAddress
#     to set the Java Heap base and to place the Java Heap above 4GB virtual address.
# This output file may be truncated or incomplete.
#
#  Out of Memory Error (arena.cpp:150), pid=16088, tid=12812
#
# JRE version: Java(TM) SE Runtime Environment (22.0.1+8) (build 22.0.1+8-16)
# Java VM: Java HotSpot(TM) 64-Bit Server VM (22.0.1+8-16, mixed mode, sharing, tiered, compressed oops, compressed class ptrs, g1 gc, windows-amd64)
# No core dump will be written. Minidumps are not enabled by default on client versions of Windows
#

---------------  S U M M A R Y ------------

Command Line: -ea -Dfile.encoding=UTF-8 -Dstdout.encoding=UTF-8 -Dstderr.encoding=UTF-8 -XX:+ShowCodeDetailsInExceptionMessages org.testng.remote.RemoteTestNG -serport 55322 -protocol json -d C:\Java Workspace\Learn Java\LearnSelenium\Opencart1.1\test-output C:\Java Workspace\Learn Java\LearnSelenium\Opencart1.1\master.xml

Host: Intel(R) Core(TM) i5-5200U CPU @ 2.20GHz, 4 cores, 3G,  Windows 10 , 64 bit Build 19041 (10.0.19041.3636)
Time: Fri Nov 15 08:02:38 2024 India Standard Time elapsed time: 10.341183 seconds (0d 0h 0m 10s)

---------------  T H R E A D  ---------------

Current thread (0x0000019c36423410):  JavaThread "C2 CompilerThread0" daemon [_thread_in_native, id=12812, stack(0x0000003ea0c00000,0x0000003ea0d00000) (1024K)]


Current CompileTask:
C2:10341 2309       4       java.util.jar.JarFile::getEntry (35 bytes)

Stack: [0x0000003ea0c00000,0x0000003ea0d00000]
Native frames: (J=compiled Java code, j=interpreted, Vv=VM code, C=native code)
V  [jvm.dll+0x6e2279]  (no source info available)
V  [jvm.dll+0x874e33]  (no source info available)
V  [jvm.dll+0x87725e]  (no source info available)
V  [jvm.dll+0x877933]  (no source info available)
V  [jvm.dll+0x27fd76]  (no source info available)
V  [jvm.dll+0xc3d0f]  (no source info available)
V  [jvm.dll+0xc3f6b]  (no source info available)
V  [jvm.dll+0x70e7ca]  (no source info available)
V  [jvm.dll+0x1df94b]  (no source info available)
V  [jvm.dll+0x247a5c]  (no source info available)
V  [jvm.dll+0x246fbf]  (no source info available)
V  [jvm.dll+0x1c4e90]  (no source info available)
V  [jvm.dll+0x2569fe]  (no source info available)
V  [jvm.dll+0x254cba]  (no source info available)
V  [jvm.dll+0x3f5336]  (no source info available)
V  [jvm.dll+0x81d44b]  (no source info available)
V  [jvm.dll+0x6e0915]  (no source info available)
C  [ucrtbase.dll+0x21bb2]  (no source info available)
C  [KERNEL32.DLL+0x17344]  (no source info available)
C  [ntdll.dll+0x526b1]  (no source info available)


---------------  P R O C E S S  ---------------

Threads class SMR info:
_java_thread_list=0x0000019c7c9713d0, length=29, elements={
0x0000019c19803450, 0x0000019c364120e0, 0x0000019c364136a0, 0x0000019c36417040,
0x0000019c36419e30, 0x0000019c3641b030, 0x0000019c36421740, 0x0000019c36423410,
0x0000019c36426670, 0x0000019c36672880, 0x0000019c3667d2e0, 0x0000019c7c548240,
0x0000019c7ca7f510, 0x0000019c7ce9f470, 0x0000019c7ce4d860, 0x0000019c7c9fa6b0,
0x0000019c7c9fad40, 0x0000019c7c9f85e0, 0x0000019c7c9fb3d0, 0x0000019c7c9f8c70,
0x0000019c7c9f9990, 0x0000019c7c9f7f50, 0x0000019c7c9f9300, 0x0000019c7c9fa020,
0x0000019c367f1640, 0x0000019c367ed4a0, 0x0000019c367efc00, 0x0000019c367ec0f0,
0x0000019c367eb3d0
}

Java Threads: ( => current thread )
  0x0000019c19803450 JavaThread "main"                              [_thread_in_Java, id=14004, stack(0x0000003e9fe00000,0x0000003e9ff00000) (1024K)]
  0x0000019c364120e0 JavaThread "Reference Handler"          daemon [_thread_blocked, id=13068, stack(0x0000003ea0600000,0x0000003ea0700000) (1024K)]
  0x0000019c364136a0 JavaThread "Finalizer"                  daemon [_thread_blocked, id=15968, stack(0x0000003ea0700000,0x0000003ea0800000) (1024K)]
  0x0000019c36417040 JavaThread "Signal Dispatcher"          daemon [_thread_blocked, id=14980, stack(0x0000003ea0800000,0x0000003ea0900000) (1024K)]
  0x0000019c36419e30 JavaThread "Attach Listener"            daemon [_thread_blocked, id=13416, stack(0x0000003ea0900000,0x0000003ea0a00000) (1024K)]
  0x0000019c3641b030 JavaThread "Service Thread"             daemon [_thread_blocked, id=14972, stack(0x0000003ea0a00000,0x0000003ea0b00000) (1024K)]
  0x0000019c36421740 JavaThread "Monitor Deflation Thread"   daemon [_thread_blocked, id=8144, stack(0x0000003ea0b00000,0x0000003ea0c00000) (1024K)]
=>0x0000019c36423410 JavaThread "C2 CompilerThread0"         daemon [_thread_in_native, id=12812, stack(0x0000003ea0c00000,0x0000003ea0d00000) (1024K)]
  0x0000019c36426670 JavaThread "C1 CompilerThread0"         daemon [_thread_blocked, id=7220, stack(0x0000003ea0d00000,0x0000003ea0e00000) (1024K)]
  0x0000019c36672880 JavaThread "Notification Thread"        daemon [_thread_blocked, id=8948, stack(0x0000003ea0e00000,0x0000003ea0f00000) (1024K)]
  0x0000019c3667d2e0 JavaThread "Common-Cleaner"             daemon [_thread_blocked, id=12468, stack(0x0000003ea0f00000,0x0000003ea1000000) (1024K)]
  0x0000019c7c548240 JavaThread "ReaderThread"                      [_thread_in_native, id=15772, stack(0x0000003ea1100000,0x0000003ea1200000) (1024K)]
  0x0000019c7ca7f510 JavaThread "ForkJoinPool.commonPool-worker-1" daemon [_thread_blocked, id=4952, stack(0x0000003ea1500000,0x0000003ea1600000) (1024K)]
  0x0000019c7ce9f470 JavaThread "HttpClient-1-SelectorManager" daemon [_thread_in_native, id=14224, stack(0x0000003ea1600000,0x0000003ea1700000) (1024K)]
  0x0000019c7ce4d860 JavaThread "External Process Output Forwarder - C:\Users\Admin\.cache\selenium\chromedriver\win64\130.0.6723.116\chromedriver.exe" daemon [_thread_in_native, id=16204, stack(0x0000003ea1700000,0x0000003ea1800000) (1024K)]
  0x0000019c7c9fa6b0 JavaThread "Driver Service Executor"    daemon [_thread_blocked, id=12740, stack(0x0000003ea1800000,0x0000003ea1900000) (1024K)]
  0x0000019c7c9fad40 JavaThread "Driver Service Executor"    daemon [_thread_in_native, id=10940, stack(0x0000003ea1900000,0x0000003ea1a00000) (1024K)]
  0x0000019c7c9f85e0 JavaThread "UrlChecker-2"               daemon [_thread_blocked, id=1696, stack(0x0000003ea1a00000,0x0000003ea1b00000) (1024K)]
  0x0000019c7c9fb3d0 JavaThread "Keep-Alive-Timer"           daemon [_thread_blocked, id=6388, stack(0x0000003ea1b00000,0x0000003ea1c00000) (1024K)]
  0x0000019c7c9f8c70 JavaThread "JdkHttpClient-0-0"          daemon [_thread_blocked, id=12744, stack(0x0000003ea1c00000,0x0000003ea1d00000) (1024K)]
  0x0000019c7c9f9990 JavaThread "CompletableFutureDelayScheduler" daemon [_thread_blocked, id=440, stack(0x0000003ea1d00000,0x0000003ea1e00000) (1024K)]
  0x0000019c7c9f7f50 JavaThread "JdkHttpClient-0-1"          daemon [_thread_blocked, id=11692, stack(0x0000003ea1e00000,0x0000003ea1f00000) (1024K)]
  0x0000019c7c9f9300 JavaThread "JdkHttpClient-0-2"          daemon [_thread_blocked, id=4376, stack(0x0000003ea1f00000,0x0000003ea2000000) (1024K)]
  0x0000019c7c9fa020 JavaThread "JdkHttpClient-0-3"          daemon [_thread_blocked, id=10924, stack(0x0000003ea2000000,0x0000003ea2100000) (1024K)]
  0x0000019c367f1640 JavaThread "HttpClient-2-SelectorManager" daemon [_thread_in_native, id=11120, stack(0x0000003ea2100000,0x0000003ea2200000) (1024K)]
  0x0000019c367ed4a0 JavaThread "JdkHttpClient-1-0"          daemon [_thread_blocked, id=4588, stack(0x0000003ea2200000,0x0000003ea2300000) (1024K)]
  0x0000019c367efc00 JavaThread "JdkHttpClient-1-1"          daemon [_thread_blocked, id=9040, stack(0x0000003ea2300000,0x0000003ea2400000) (1024K)]
  0x0000019c367ec0f0 JavaThread "JdkHttpClient-1-2"          daemon [_thread_blocked, id=5040, stack(0x0000003ea2400000,0x0000003ea2500000) (1024K)]
  0x0000019c367eb3d0 JavaThread "JdkHttpClient-1-3"          daemon [_thread_blocked, id=6904, stack(0x0000003ea2500000,0x0000003ea2600000) (1024K)]
Total: 29

Other Threads:
  0x0000019c1b96b470 VMThread "VM Thread"                           [id=5064, stack(0x0000003ea0500000,0x0000003ea0600000) (1024K)]
  0x0000019c1b955840 WatcherThread "VM Periodic Task Thread"        [id=14292, stack(0x0000003ea0400000,0x0000003ea0500000) (1024K)]
  0x0000019c1b8e03d0 WorkerThread "GC Thread#0"                     [id=12836, stack(0x0000003e9ff00000,0x0000003ea0000000) (1024K)]
  0x0000019c7c686780 WorkerThread "GC Thread#1"                     [id=9576, stack(0x0000003ea1200000,0x0000003ea1300000) (1024K)]
  0x0000019c7c460af0 WorkerThread "GC Thread#2"                     [id=8560, stack(0x0000003ea1300000,0x0000003ea1400000) (1024K)]
  0x0000019c7c460ea0 WorkerThread "GC Thread#3"                     [id=2812, stack(0x0000003ea1400000,0x0000003ea1500000) (1024K)]
  0x0000019c1b8e99e0 ConcurrentGCThread "G1 Main Marker"            [id=4020, stack(0x0000003ea0000000,0x0000003ea0100000) (1024K)]
  0x0000019c1b8ea400 WorkerThread "G1 Conc#0"                       [id=16224, stack(0x0000003ea0100000,0x0000003ea0200000) (1024K)]
  0x0000019c1b944340 ConcurrentGCThread "G1 Refine#0"               [id=9948, stack(0x0000003ea0200000,0x0000003ea0300000) (1024K)]
  0x0000019c1b944dd0 ConcurrentGCThread "G1 Service"                [id=4624, stack(0x0000003ea0300000,0x0000003ea0400000) (1024K)]
Total: 10

Threads with active compile tasks:
C2 CompilerThread0  10929 2309       4       java.util.jar.JarFile::getEntry (35 bytes)
Total: 1

VM state: not at safepoint (normal execution)

VM Mutex/Monitor currently owned by a thread: None

Heap address: 0x00000000c1200000, size: 1006 MB, Compressed Oops mode: 32-bit

CDS archive(s) mapped at: [0x0000019c37000000-0x0000019c37c60000-0x0000019c37c60000), size 12976128, SharedBaseAddress: 0x0000019c37000000, ArchiveRelocationMode: 1.
Compressed class space mapped at: 0x0000019c38000000-0x0000019c78000000, reserved size: 1073741824
Narrow klass base: 0x0000019c37000000, Narrow klass shift: 0, Narrow klass range: 0x41000000

GC Precious Log:
 CardTable entry size: 512
 Card Set container configuration: InlinePtr #cards 5 size 8 Array Of Cards #cards 12 size 40 Howl #buckets 4 coarsen threshold 1843 Howl Bitmap #cards 512 size 80 coarsen threshold 460 Card regions per heap region 1 cards per card region 2048
 CPUs: 4 total, 4 available
 Memory: 4016M
 Large Page Support: Disabled
 NUMA Support: Disabled
 Compressed Oops: Enabled (32-bit)
 Heap Region Size: 1M
 Heap Min Capacity: 8M
 Heap Initial Capacity: 64M
 Heap Max Capacity: 1006M
 Pre-touch: Disabled
 Parallel Workers: 4
 Concurrent Workers: 1
 Concurrent Refinement Workers: 4
 Periodic GC: Disabled

Heap:
 garbage-first heap   total reserved 1030144K, committed 65536K, used 19404K [0x00000000c1200000, 0x0000000100000000)
  region size 1024K, 13 young (13312K), 4 survivors (4096K)
 Metaspace       used 20998K, committed 21440K, reserved 1114112K
  class space    used 2621K, committed 2816K, reserved 1048576K

Heap Regions: E=young(eden), S=young(survivor), O=old, HS=humongous(starts), HC=humongous(continues), CS=collection set, F=free, TAMS=top-at-mark-start, PB=parsable bottom
|   0|0x00000000c1200000, 0x00000000c1300000, 0x00000000c1300000|100%|HS|  |TAMS 0x00000000c1200000| PB 0x00000000c1200000| Complete |  0
|   1|0x00000000c1300000, 0x00000000c1400000, 0x00000000c1400000|100%| O|  |TAMS 0x00000000c1300000| PB 0x00000000c1300000| Untracked |  0
|   2|0x00000000c1400000, 0x00000000c1500000, 0x00000000c1500000|100%| O|  |TAMS 0x00000000c1400000| PB 0x00000000c1400000| Untracked |  0
|   3|0x00000000c1500000, 0x00000000c1600000, 0x00000000c1600000|100%| O|  |TAMS 0x00000000c1500000| PB 0x00000000c1500000| Untracked |  0
|   4|0x00000000c1600000, 0x00000000c1700000, 0x00000000c1700000|100%| O|  |TAMS 0x00000000c1600000| PB 0x00000000c1600000| Untracked |  0
|   5|0x00000000c1700000, 0x00000000c1800000, 0x00000000c1800000|100%| O|  |TAMS 0x00000000c1700000| PB 0x00000000c1700000| Untracked |  0
|   6|0x00000000c1800000, 0x00000000c18f3230, 0x00000000c1900000| 94%| O|  |TAMS 0x00000000c1800000| PB 0x00000000c1800000| Untracked |  0
|   7|0x00000000c1900000, 0x00000000c1900000, 0x00000000c1a00000|  0%| F|  |TAMS 0x00000000c1900000| PB 0x00000000c1900000| Untracked |  0
|   8|0x00000000c1a00000, 0x00000000c1a00000, 0x00000000c1b00000|  0%| F|  |TAMS 0x00000000c1a00000| PB 0x00000000c1a00000| Untracked |  0
|   9|0x00000000c1b00000, 0x00000000c1b00000, 0x00000000c1c00000|  0%| F|  |TAMS 0x00000000c1b00000| PB 0x00000000c1b00000| Untracked |  0
|  10|0x00000000c1c00000, 0x00000000c1c00000, 0x00000000c1d00000|  0%| F|  |TAMS 0x00000000c1c00000| PB 0x00000000c1c00000| Untracked |  0
|  11|0x00000000c1d00000, 0x00000000c1d00000, 0x00000000c1e00000|  0%| F|  |TAMS 0x00000000c1d00000| PB 0x00000000c1d00000| Untracked |  0
|  12|0x00000000c1e00000, 0x00000000c1e00000, 0x00000000c1f00000|  0%| F|  |TAMS 0x00000000c1e00000| PB 0x00000000c1e00000| Untracked |  0
|  13|0x00000000c1f00000, 0x00000000c1f00000, 0x00000000c2000000|  0%| F|  |TAMS 0x00000000c1f00000| PB 0x00000000c1f00000| Untracked |  0
|  14|0x00000000c2000000, 0x00000000c2000000, 0x00000000c2100000|  0%| F|  |TAMS 0x00000000c2000000| PB 0x00000000c2000000| Untracked |  0
|  15|0x00000000c2100000, 0x00000000c2100000, 0x00000000c2200000|  0%| F|  |TAMS 0x00000000c2100000| PB 0x00000000c2100000| Untracked |  0
|  16|0x00000000c2200000, 0x00000000c2200000, 0x00000000c2300000|  0%| F|  |TAMS 0x00000000c2200000| PB 0x00000000c2200000| Untracked |  0
|  17|0x00000000c2300000, 0x00000000c2300000, 0x00000000c2400000|  0%| F|  |TAMS 0x00000000c2300000| PB 0x00000000c2300000| Untracked |  0
|  18|0x00000000c2400000, 0x00000000c2400000, 0x00000000c2500000|  0%| F|  |TAMS 0x00000000c2400000| PB 0x00000000c2400000| Untracked |  0
|  19|0x00000000c2500000, 0x00000000c2500000, 0x00000000c2600000|  0%| F|  |TAMS 0x00000000c2500000| PB 0x00000000c2500000| Untracked |  0
|  20|0x00000000c2600000, 0x00000000c2600000, 0x00000000c2700000|  0%| F|  |TAMS 0x00000000c2600000| PB 0x00000000c2600000| Untracked |  0
|  21|0x00000000c2700000, 0x00000000c2700000, 0x00000000c2800000|  0%| F|  |TAMS 0x00000000c2700000| PB 0x00000000c2700000| Untracked |  0
|  22|0x00000000c2800000, 0x00000000c2800000, 0x00000000c2900000|  0%| F|  |TAMS 0x00000000c2800000| PB 0x00000000c2800000| Untracked |  0
|  23|0x00000000c2900000, 0x00000000c2900000, 0x00000000c2a00000|  0%| F|  |TAMS 0x00000000c2900000| PB 0x00000000c2900000| Untracked |  0
|  24|0x00000000c2a00000, 0x00000000c2a00000, 0x00000000c2b00000|  0%| F|  |TAMS 0x00000000c2a00000| PB 0x00000000c2a00000| Untracked |  0
|  25|0x00000000c2b00000, 0x00000000c2b00000, 0x00000000c2c00000|  0%| F|  |TAMS 0x00000000c2b00000| PB 0x00000000c2b00000| Untracked |  0
|  26|0x00000000c2c00000, 0x00000000c2c00000, 0x00000000c2d00000|  0%| F|  |TAMS 0x00000000c2c00000| PB 0x00000000c2c00000| Untracked |  0
|  27|0x00000000c2d00000, 0x00000000c2d00000, 0x00000000c2e00000|  0%| F|  |TAMS 0x00000000c2d00000| PB 0x00000000c2d00000| Untracked |  0
|  28|0x00000000c2e00000, 0x00000000c2e00000, 0x00000000c2f00000|  0%| F|  |TAMS 0x00000000c2e00000| PB 0x00000000c2e00000| Untracked |  0
|  29|0x00000000c2f00000, 0x00000000c2f00000, 0x00000000c3000000|  0%| F|  |TAMS 0x00000000c2f00000| PB 0x00000000c2f00000| Untracked |  0
|  30|0x00000000c3000000, 0x00000000c3100000, 0x00000000c3100000|100%| S|CS|TAMS 0x00000000c3000000| PB 0x00000000c3000000| Complete |  0
|  31|0x00000000c3100000, 0x00000000c3200000, 0x00000000c3200000|100%| S|CS|TAMS 0x00000000c3100000| PB 0x00000000c3100000| Complete |  0
|  32|0x00000000c3200000, 0x00000000c3300000, 0x00000000c3300000|100%| S|CS|TAMS 0x00000000c3200000| PB 0x00000000c3200000| Complete |  0
|  33|0x00000000c3300000, 0x00000000c3400000, 0x00000000c3400000|100%| S|CS|TAMS 0x00000000c3300000| PB 0x00000000c3300000| Complete |  0
|  34|0x00000000c3400000, 0x00000000c3400000, 0x00000000c3500000|  0%| F|  |TAMS 0x00000000c3400000| PB 0x00000000c3400000| Untracked |  0
|  35|0x00000000c3500000, 0x00000000c3500000, 0x00000000c3600000|  0%| F|  |TAMS 0x00000000c3500000| PB 0x00000000c3500000| Untracked |  0
|  36|0x00000000c3600000, 0x00000000c3600000, 0x00000000c3700000|  0%| F|  |TAMS 0x00000000c3600000| PB 0x00000000c3600000| Untracked |  0
|  37|0x00000000c3700000, 0x00000000c3700000, 0x00000000c3800000|  0%| F|  |TAMS 0x00000000c3700000| PB 0x00000000c3700000| Untracked |  0
|  38|0x00000000c3800000, 0x00000000c3800000, 0x00000000c3900000|  0%| F|  |TAMS 0x00000000c3800000| PB 0x00000000c3800000| Untracked |  0
|  39|0x00000000c3900000, 0x00000000c3900000, 0x00000000c3a00000|  0%| F|  |TAMS 0x00000000c3900000| PB 0x00000000c3900000| Untracked |  0
|  40|0x00000000c3a00000, 0x00000000c3a00000, 0x00000000c3b00000|  0%| F|  |TAMS 0x00000000c3a00000| PB 0x00000000c3a00000| Untracked |  0
|  41|0x00000000c3b00000, 0x00000000c3b00000, 0x00000000c3c00000|  0%| F|  |TAMS 0x00000000c3b00000| PB 0x00000000c3b00000| Untracked |  0
|  42|0x00000000c3c00000, 0x00000000c3c00000, 0x00000000c3d00000|  0%| F|  |TAMS 0x00000000c3c00000| PB 0x00000000c3c00000| Untracked |  0
|  43|0x00000000c3d00000, 0x00000000c3d00000, 0x00000000c3e00000|  0%| F|  |TAMS 0x00000000c3d00000| PB 0x00000000c3d00000| Untracked |  0
|  44|0x00000000c3e00000, 0x00000000c3e00000, 0x00000000c3f00000|  0%| F|  |TAMS 0x00000000c3e00000| PB 0x00000000c3e00000| Untracked |  0
|  45|0x00000000c3f00000, 0x00000000c3f00000, 0x00000000c4000000|  0%| F|  |TAMS 0x00000000c3f00000| PB 0x00000000c3f00000| Untracked |  0
|  46|0x00000000c4000000, 0x00000000c4000000, 0x00000000c4100000|  0%| F|  |TAMS 0x00000000c4000000| PB 0x00000000c4000000| Untracked |  0
|  47|0x00000000c4100000, 0x00000000c4100000, 0x00000000c4200000|  0%| F|  |TAMS 0x00000000c4100000| PB 0x00000000c4100000| Untracked |  0
|  48|0x00000000c4200000, 0x00000000c4200000, 0x00000000c4300000|  0%| F|  |TAMS 0x00000000c4200000| PB 0x00000000c4200000| Untracked |  0
|  49|0x00000000c4300000, 0x00000000c4300000, 0x00000000c4400000|  0%| F|  |TAMS 0x00000000c4300000| PB 0x00000000c4300000| Untracked |  0
|  50|0x00000000c4400000, 0x00000000c4400000, 0x00000000c4500000|  0%| F|  |TAMS 0x00000000c4400000| PB 0x00000000c4400000| Untracked |  0
|  51|0x00000000c4500000, 0x00000000c4500000, 0x00000000c4600000|  0%| F|  |TAMS 0x00000000c4500000| PB 0x00000000c4500000| Untracked |  0
|  52|0x00000000c4600000, 0x00000000c4600000, 0x00000000c4700000|  0%| F|  |TAMS 0x00000000c4600000| PB 0x00000000c4600000| Untracked |  0
|  53|0x00000000c4700000, 0x00000000c4700000, 0x00000000c4800000|  0%| F|  |TAMS 0x00000000c4700000| PB 0x00000000c4700000| Untracked |  0
|  54|0x00000000c4800000, 0x00000000c4800000, 0x00000000c4900000|  0%| F|  |TAMS 0x00000000c4800000| PB 0x00000000c4800000| Untracked |  0
|  55|0x00000000c4900000, 0x00000000c497d150, 0x00000000c4a00000| 48%| E|  |TAMS 0x00000000c4900000| PB 0x00000000c4900000| Complete |  0
|  56|0x00000000c4a00000, 0x00000000c4b00000, 0x00000000c4b00000|100%| E|CS|TAMS 0x00000000c4a00000| PB 0x00000000c4a00000| Complete |  0
|  57|0x00000000c4b00000, 0x00000000c4c00000, 0x00000000c4c00000|100%| E|CS|TAMS 0x00000000c4b00000| PB 0x00000000c4b00000| Complete |  0
|  58|0x00000000c4c00000, 0x00000000c4d00000, 0x00000000c4d00000|100%| E|CS|TAMS 0x00000000c4c00000| PB 0x00000000c4c00000| Complete |  0
|  59|0x00000000c4d00000, 0x00000000c4e00000, 0x00000000c4e00000|100%| E|CS|TAMS 0x00000000c4d00000| PB 0x00000000c4d00000| Complete |  0
|  60|0x00000000c4e00000, 0x00000000c4f00000, 0x00000000c4f00000|100%| E|CS|TAMS 0x00000000c4e00000| PB 0x00000000c4e00000| Complete |  0
|  61|0x00000000c4f00000, 0x00000000c5000000, 0x00000000c5000000|100%| E|CS|TAMS 0x00000000c4f00000| PB 0x00000000c4f00000| Complete |  0
|  62|0x00000000c5000000, 0x00000000c5100000, 0x00000000c5100000|100%| E|CS|TAMS 0x00000000c5000000| PB 0x00000000c5000000| Complete |  0
|  63|0x00000000c5100000, 0x00000000c5200000, 0x00000000c5200000|100%| E|CS|TAMS 0x00000000c5100000| PB 0x00000000c5100000| Complete |  0

Card table byte_map: [0x0000019c32df0000,0x0000019c32ff0000] _byte_map_base: 0x0000019c327e7000

Marking Bits: (CMBitMap*) 0x0000019c1b8e09f0
 Bits: [0x0000019c32ff0000, 0x0000019c33fa8000)

Polling page: 0x0000019c19750000

Metaspace:

Usage:
  Non-class:     17.96 MB used.
      Class:      2.56 MB used.
       Both:     20.52 MB used.

Virtual space:
  Non-class space:       64.00 MB reserved,      18.19 MB ( 28%) committed,  1 nodes.
      Class space:        1.00 GB reserved,       2.75 MB ( <1%) committed,  1 nodes.
             Both:        1.06 GB reserved,      20.94 MB (  2%) committed. 

Chunk freelists:
   Non-Class:  13.58 MB
       Class:  13.25 MB
        Both:  26.83 MB

MaxMetaspaceSize: unlimited
CompressedClassSpaceSize: 1.00 GB
Initial GC threshold: 21.00 MB
Current GC threshold: 21.00 MB
CDS: on
 - commit_granule_bytes: 65536.
 - commit_granule_words: 8192.
 - virtual_space_node_default_size: 8388608.
 - enlarge_chunks_in_place: 1.
 - use_allocation_guard: 0.


Internal statistics:

num_allocs_failed_limit: 0.
num_arena_births: 542.
num_arena_deaths: 0.
num_vsnodes_births: 2.
num_vsnodes_deaths: 0.
num_space_committed: 335.
num_space_uncommitted: 0.
num_chunks_returned_to_freelist: 0.
num_chunks_taken_from_freelist: 1160.
num_chunk_merges: 0.
num_chunk_splits: 703.
num_chunks_enlarged: 420.
num_inconsistent_stats: 0.

CodeHeap 'non-profiled nmethods': size=120000Kb used=884Kb max_used=884Kb free=119115Kb
 bounds [0x0000019c2b6c0000, 0x0000019c2b930000, 0x0000019c32bf0000]
CodeHeap 'profiled nmethods': size=120000Kb used=4638Kb max_used=4638Kb free=115361Kb
 bounds [0x0000019c23bf0000, 0x0000019c24080000, 0x0000019c2b120000]
CodeHeap 'non-nmethods': size=5760Kb used=1556Kb max_used=1556Kb free=4203Kb
 bounds [0x0000019c2b120000, 0x0000019c2b390000, 0x0000019c2b6c0000]
 total_blobs=3054 nmethods=2439 adapters=519
 compilation: enabled
              stopped_count=0, restarted_count=0
 full_count=0

Compilation events (20 events):
Event: 10.231 Thread 0x0000019c36426670 nmethod 2300 0x0000019c24016f10 code [0x0000019c240170c0, 0x0000019c24017368]
Event: 10.246 Thread 0x0000019c36426670 2302       3       java.util.RegularEnumSet::contains (57 bytes)
Event: 10.246 Thread 0x0000019c36426670 nmethod 2302 0x0000019c24017490 code [0x0000019c24017660, 0x0000019c24017a40]
Event: 10.251 Thread 0x0000019c36423410 2303       4       java.lang.invoke.LambdaForm::uncustomize (57 bytes)
Event: 10.252 Thread 0x0000019c36423410 nmethod 2303 0x0000019c2b797d90 code [0x0000019c2b797f00, 0x0000019c2b797fb0]
Event: 10.254 Thread 0x0000019c36426670 2304       3       java.lang.reflect.Executable::isVarArgs (17 bytes)
Event: 10.254 Thread 0x0000019c36426670 nmethod 2304 0x0000019c24017b90 code [0x0000019c24017d40, 0x0000019c24017f60]
Event: 10.254 Thread 0x0000019c36426670 2305       1       java.lang.reflect.Constructor::getConstructorAccessor (5 bytes)
Event: 10.254 Thread 0x0000019c36426670 nmethod 2305 0x0000019c2b798090 code [0x0000019c2b798220, 0x0000019c2b7982e8]
Event: 10.255 Thread 0x0000019c36426670 2306       3       java.lang.reflect.Constructor::getParameterCount (6 bytes)
Event: 10.255 Thread 0x0000019c36426670 nmethod 2306 0x0000019c24018010 code [0x0000019c240181a0, 0x0000019c240182b8]
Event: 10.255 Thread 0x0000019c36426670 2307       3       java.lang.reflect.Constructor::setConstructorAccessor (20 bytes)
Event: 10.255 Thread 0x0000019c36426670 nmethod 2307 0x0000019c24018390 code [0x0000019c24018540, 0x0000019c24018800]
Event: 10.269 Thread 0x0000019c36426670 2308       3       java.util.regex.Pattern$BranchConn::match (11 bytes)
Event: 10.270 Thread 0x0000019c36426670 nmethod 2308 0x0000019c24018910 code [0x0000019c24018ac0, 0x0000019c24018c98]
Event: 10.271 Thread 0x0000019c36423410 2309       4       java.util.jar.JarFile::getEntry (35 bytes)
Event: 10.321 Thread 0x0000019c36426670 2312       3       java.util.concurrent.ConcurrentHashMap::sumCount (60 bytes)
Event: 10.322 Thread 0x0000019c36426670 nmethod 2312 0x0000019c24018d90 code [0x0000019c24018f40, 0x0000019c24019188]
Event: 10.325 Thread 0x0000019c36426670 2313       3       java.util.HashMap::isEmpty (13 bytes)
Event: 10.325 Thread 0x0000019c36426670 nmethod 2313 0x0000019c24019290 code [0x0000019c24019420, 0x0000019c24019580]

GC Heap History (6 events):
Event: 1.111 GC heap before
{Heap before GC invocations=0 (full 0):
 garbage-first heap   total reserved 1030144K, committed 65536K, used 14336K [0x00000000c1200000, 0x0000000100000000)
  region size 1024K, 14 young (14336K), 0 survivors (0K)
 Metaspace       used 5324K, committed 5504K, reserved 1114112K
  class space    used 581K, committed 640K, reserved 1048576K
}
Event: 1.120 GC heap after
{Heap after GC invocations=1 (full 0):
 garbage-first heap   total reserved 1030144K, committed 65536K, used 6836K [0x00000000c1200000, 0x0000000100000000)
  region size 1024K, 2 young (2048K), 2 survivors (2048K)
 Metaspace       used 5324K, committed 5504K, reserved 1114112K
  class space    used 581K, committed 640K, reserved 1048576K
}
Event: 3.034 GC heap before
{Heap before GC invocations=1 (full 0):
 garbage-first heap   total reserved 1030144K, committed 65536K, used 19124K [0x00000000c1200000, 0x0000000100000000)
  region size 1024K, 15 young (15360K), 2 survivors (2048K)
 Metaspace       used 9062K, committed 9408K, reserved 1114112K
  class space    used 1114K, committed 1280K, reserved 1048576K
}
Event: 3.046 GC heap after
{Heap after GC invocations=2 (full 0):
 garbage-first heap   total reserved 1030144K, committed 65536K, used 8062K [0x00000000c1200000, 0x0000000100000000)
  region size 1024K, 2 young (2048K), 2 survivors (2048K)
 Metaspace       used 9062K, committed 9408K, reserved 1114112K
  class space    used 1114K, committed 1280K, reserved 1048576K
}
Event: 10.083 GC heap before
{Heap before GC invocations=2 (full 0):
 garbage-first heap   total reserved 1030144K, committed 65536K, used 35710K [0x00000000c1200000, 0x0000000100000000)
  region size 1024K, 30 young (30720K), 2 survivors (2048K)
 Metaspace       used 19155K, committed 19584K, reserved 1114112K
  class space    used 2384K, committed 2560K, reserved 1048576K
}
Event: 10.098 GC heap after
{Heap after GC invocations=3 (full 0):
 garbage-first heap   total reserved 1030144K, committed 65536K, used 11212K [0x00000000c1200000, 0x0000000100000000)
  region size 1024K, 4 young (4096K), 4 survivors (4096K)
 Metaspace       used 19155K, committed 19584K, reserved 1114112K
  class space    used 2384K, committed 2560K, reserved 1048576K
}

Dll operation events (11 events):
Event: 0.023 Loaded shared library C:\Program Files\Java\jdk-22\bin\java.dll
Event: 0.079 Loaded shared library C:\Program Files\Java\jdk-22\bin\jsvml.dll
Event: 0.184 Loaded shared library C:\Program Files\Java\jdk-22\bin\net.dll
Event: 0.188 Loaded shared library C:\Program Files\Java\jdk-22\bin\nio.dll
Event: 0.196 Loaded shared library C:\Program Files\Java\jdk-22\bin\zip.dll
Event: 0.508 Loaded shared library C:\Program Files\Java\jdk-22\bin\jimage.dll
Event: 0.559 Loaded shared library C:\Program Files\Java\jdk-22\bin\verify.dll
Event: 0.713 Loaded shared library C:\Program Files\Java\jdk-22\bin\extnet.dll
Event: 3.584 Loaded shared library C:\Program Files\Java\jdk-22\bin\sunmscapi.dll
Event: 10.227 Loaded shared library C:\Program Files\Java\jdk-22\bin\management.dll
Event: 10.235 Loaded shared library C:\Program Files\Java\jdk-22\bin\management_ext.dll

Deoptimization events (20 events):
Event: 3.703 Thread 0x0000019c19803450 Uncommon trap: trap_request=0xffffffde fr.pc=0x0000019c2b7450e4 relative=0x0000000000000304
Event: 3.703 Thread 0x0000019c19803450 Uncommon trap: reason=class_check action=maybe_recompile pc=0x0000019c2b7450e4 method=java.util.regex.Pattern$BmpCharPropertyGreedy.match(Ljava/util/regex/Matcher;ILjava/lang/CharSequence;)Z @ 26 c2
Event: 3.703 Thread 0x0000019c19803450 DEOPT PACKING pc=0x0000019c2b7450e4 sp=0x0000003e9fefcce0
Event: 3.703 Thread 0x0000019c19803450 DEOPT UNPACKING pc=0x0000019c2b1746a2 sp=0x0000003e9fefcc98 mode 2
Event: 3.747 Thread 0x0000019c7c9f85e0 Uncommon trap: trap_request=0xffffffde fr.pc=0x0000019c2b7450e4 relative=0x0000000000000304
Event: 3.747 Thread 0x0000019c7c9f85e0 Uncommon trap: reason=class_check action=maybe_recompile pc=0x0000019c2b7450e4 method=java.util.regex.Pattern$BmpCharPropertyGreedy.match(Ljava/util/regex/Matcher;ILjava/lang/CharSequence;)Z @ 26 c2
Event: 3.747 Thread 0x0000019c7c9f85e0 DEOPT PACKING pc=0x0000019c2b7450e4 sp=0x0000003ea1afe7a0
Event: 3.747 Thread 0x0000019c7c9f85e0 DEOPT UNPACKING pc=0x0000019c2b1746a2 sp=0x0000003ea1afe738 mode 2
Event: 8.127 Thread 0x0000019c19803450 Uncommon trap: trap_request=0xffffff45 fr.pc=0x0000019c2b7435b4 relative=0x0000000000000db4
Event: 8.127 Thread 0x0000019c19803450 Uncommon trap: reason=unstable_if action=reinterpret pc=0x0000019c2b7435b4 method=java.util.concurrent.ConcurrentHashMap.putVal(Ljava/lang/Object;Ljava/lang/Object;Z)Ljava/lang/Object; @ 231 c2
Event: 8.127 Thread 0x0000019c19803450 DEOPT PACKING pc=0x0000019c2b7435b4 sp=0x0000003e9fefda00
Event: 8.127 Thread 0x0000019c19803450 DEOPT UNPACKING pc=0x0000019c2b1746a2 sp=0x0000003e9fefd960 mode 2
Event: 9.720 Thread 0x0000019c19803450 Uncommon trap: trap_request=0xffffff54 fr.pc=0x0000019c2b70b8f4 relative=0x0000000000000b94
Event: 9.720 Thread 0x0000019c19803450 Uncommon trap: reason=speculate_null_assert action=make_not_entrant pc=0x0000019c2b70b8f4 method=java.util.jar.JarFile.getVersionedEntry(Ljava/lang/String;Ljava/util/jar/JarEntry;)Ljava/util/jar/JarEntry; @ 115 c2
Event: 9.720 Thread 0x0000019c19803450 DEOPT PACKING pc=0x0000019c2b70b8f4 sp=0x0000003e9fefab20
Event: 9.720 Thread 0x0000019c19803450 DEOPT UNPACKING pc=0x0000019c2b1746a2 sp=0x0000003e9fefa9c8 mode 2
Event: 10.270 Thread 0x0000019c19803450 Uncommon trap: trap_request=0xffffff54 fr.pc=0x0000019c2b70fba8 relative=0x0000000000001528
Event: 10.270 Thread 0x0000019c19803450 Uncommon trap: reason=speculate_null_assert action=make_not_entrant pc=0x0000019c2b70fba8 method=java.util.jar.JarFile.getVersionedEntry(Ljava/lang/String;Ljava/util/jar/JarEntry;)Ljava/util/jar/JarEntry; @ 115 c2
Event: 10.270 Thread 0x0000019c19803450 DEOPT PACKING pc=0x0000019c2b70fba8 sp=0x0000003e9fefaa00
Event: 10.270 Thread 0x0000019c19803450 DEOPT UNPACKING pc=0x0000019c2b1746a2 sp=0x0000003e9fefa968 mode 2

Classes loaded (20 events):
Event: 10.248 Loading class java/lang/management/DefaultPlatformMBeanProvider$11
Event: 10.248 Loading class java/lang/management/DefaultPlatformMBeanProvider$11 done
Event: 10.248 Loading class jdk/management/jfr/FlightRecorderMXBean
Event: 10.249 Loading class jdk/management/jfr/FlightRecorderMXBean done
Event: 10.249 Loading class jdk/management/jfr/internal/FlightRecorderMXBeanProvider$SingleMBeanComponent
Event: 10.249 Loading class jdk/management/jfr/internal/FlightRecorderMXBeanProvider$SingleMBeanComponent done
Event: 10.250 Loading class sun/management/RuntimeImpl
Event: 10.250 Loading class sun/management/RuntimeImpl done
Event: 10.252 Loading class sun/management/Util
Event: 10.253 Loading class sun/management/Util done
Event: 10.253 Loading class java/lang/management/ManagementPermission
Event: 10.253 Loading class java/lang/management/ManagementPermission done
Event: 10.260 Loading class java/util/DualPivotQuicksort
Event: 10.261 Loading class java/util/DualPivotQuicksort done
Event: 10.279 Loading class java/util/concurrent/atomic/AtomicReferenceFieldUpdater
Event: 10.280 Loading class java/util/concurrent/atomic/AtomicReferenceFieldUpdater done
Event: 10.280 Loading class java/util/concurrent/atomic/AtomicReferenceFieldUpdater$AtomicReferenceFieldUpdaterImpl
Event: 10.281 Loading class java/util/concurrent/atomic/AtomicReferenceFieldUpdater$AtomicReferenceFieldUpdaterImpl done
Event: 10.281 Loading class java/util/concurrent/atomic/AtomicReferenceFieldUpdater$AtomicReferenceFieldUpdaterImpl$1
Event: 10.281 Loading class java/util/concurrent/atomic/AtomicReferenceFieldUpdater$AtomicReferenceFieldUpdaterImpl$1 done

Classes unloaded (0 events):
No events

Classes redefined (0 events):
No events

Internal exceptions (20 events):
Event: 3.441 Thread 0x0000019c19803450 Exception <a 'java/lang/NoSuchMethodError'{0x00000000c4ccfa48}: 'void java.lang.invoke.DirectMethodHandle$Holder.invokeVirtual(java.lang.Object, java.lang.Object)'> (0x00000000c4ccfa48) 
thrown [s\open\src\hotspot\share\interpreter\linkResolver.cpp, line 774]
Event: 3.700 Thread 0x0000019c19803450 Exception <a 'java/lang/NoSuchMethodError'{0x00000000c461f268}: 'java.lang.Object java.lang.invoke.DirectMethodHandle$Holder.invokeInterface(java.lang.Object, java.lang.Object, java.lang.Object)'> (0x00000000c461f268) 
thrown [s\open\src\hotspot\share\interpreter\linkResolver.cpp, line 774]
Event: 3.700 Thread 0x0000019c19803450 Exception <a 'java/lang/IncompatibleClassChangeError'{0x00000000c4622660}: Found class java.lang.Object, but interface was expected> (0x00000000c4622660) 
thrown [s\open\src\hotspot\share\interpreter\linkResolver.cpp, line 841]
Event: 3.702 Thread 0x0000019c19803450 Exception <a 'java/lang/NoSuchMethodError'{0x00000000c4629d48}: 'int java.lang.invoke.DirectMethodHandle$Holder.invokeSpecialIFC(java.lang.Object, java.lang.Object, java.lang.Object, java.lang.Object)'> (0x00000000c4629d48) 
thrown [s\open\src\hotspot\share\interpreter\linkResolver.cpp, line 774]
Event: 3.707 Thread 0x0000019c19803450 Exception <a 'java/lang/NoSuchMethodError'{0x00000000c464cca0}: 'java.lang.Object java.lang.invoke.DirectMethodHandle$Holder.invokeVirtual(java.lang.Object, java.lang.Object, java.lang.Object, java.lang.Object)'> (0x00000000c464cca0) 
thrown [s\open\src\hotspot\share\interpreter\linkResolver.cpp, line 774]
Event: 3.761 Thread 0x0000019c7c9f85e0 Exception <a 'java/net/ConnectException'{0x00000000c46d7bf0}: Connection refused: getsockopt> (0x00000000c46d7bf0) 
thrown [s\open\src\hotspot\share\prims\jni.cpp, line 539]
Event: 3.786 Thread 0x0000019c7c9f85e0 Exception <a 'java/net/ConnectException'{0x00000000c46d8ce8}: Connection refused: getsockopt> (0x00000000c46d8ce8) 
thrown [s\open\src\hotspot\share\prims\jni.cpp, line 539]
Event: 3.818 Thread 0x0000019c7c9f85e0 Exception <a 'java/net/ConnectException'{0x00000000c46d9c08}: Connection refused: getsockopt> (0x00000000c46d9c08) 
thrown [s\open\src\hotspot\share\prims\jni.cpp, line 539]
Event: 3.942 Thread 0x0000019c19803450 Exception <a 'java/lang/NoSuchMethodError'{0x00000000c4594f38}: 'java.lang.Object java.lang.invoke.DirectMethodHandle$Holder.newInvokeSpecial(java.lang.Object, java.lang.Object, int, int)'> (0x00000000c4594f38) 
thrown [s\open\src\hotspot\share\interpreter\linkResolver.cpp, line 774]
Event: 3.944 Thread 0x0000019c19803450 Exception <a 'java/lang/NoSuchMethodError'{0x00000000c459f460}: 'void java.lang.invoke.DirectMethodHandle$Holder.invokeStatic(java.lang.Object, java.lang.Object, int)'> (0x00000000c459f460) 
thrown [s\open\src\hotspot\share\interpreter\linkResolver.cpp, line 774]
Event: 4.030 Thread 0x0000019c7c9f8c70 Exception <a 'java/lang/NoSuchMethodError'{0x00000000c43ece40}: 'java.lang.Object java.lang.invoke.DirectMethodHandle$Holder.invokeSpecial(java.lang.Object, java.lang.Object, java.lang.Object, java.lang.Object, int)'> (0x00000000c43ece40) 
thrown [s\open\src\hotspot\share\interpreter\linkResolver.cpp, line 774]
Event: 4.031 Thread 0x0000019c7c9f8c70 Exception <a 'java/lang/NoSuchMethodError'{0x00000000c43f0788}: 'java.lang.Object java.lang.invoke.Invokers$Holder.linkToTargetMethod(java.lang.Object, java.lang.Object, int, java.lang.Object)'> (0x00000000c43f0788) 
thrown [s\open\src\hotspot\share\interpreter\linkResolver.cpp, line 774]
Event: 4.110 Thread 0x0000019c7c9f7f50 Exception <a 'java/lang/NoSuchMethodError'{0x00000000c42949c0}: 'int java.lang.invoke.DirectMethodHandle$Holder.invokeSpecialIFC(java.lang.Object, java.lang.Object, java.lang.Object, java.lang.Object, java.lang.Object)'> (0x00000000c42949c0) 
thrown [s\open\src\hotspot\share\interpreter\linkResolver.cpp, line 774]
Event: 7.682 Thread 0x0000019c7c9f7f50 Exception <a 'java/lang/NoSuchMethodError'{0x00000000c402c1f8}: 'java.lang.Object java.lang.invoke.DirectMethodHandle$Holder.newInvokeSpecial(java.lang.Object, java.lang.Object, long, java.lang.Object, java.lang.Object, java.lang.Object)'> (0x00000000c402c1f8) 
thrown [s\open\src\hotspot\share\interpreter\linkResolver.cpp, line 774]
Event: 7.690 Thread 0x0000019c7c9f7f50 Exception <a 'java/lang/NoSuchMethodError'{0x00000000c40424e8}: 'void java.lang.invoke.DirectMethodHandle$Holder.invokeSpecial(java.lang.Object, java.lang.Object, java.lang.Object, java.lang.Object, java.lang.Object, java.lang.Object, java.lang.Object)'> (0x00000000c40424e8) 
thrown [s\open\src\hotspot\share\interpreter\linkResolver.cpp, line 774]
Event: 8.047 Thread 0x0000019c19803450 Exception <a 'java/lang/NoSuchMethodError'{0x00000000c433dcd0}: 'java.lang.Object java.lang.invoke.DirectMethodHandle$Holder.invokeSpecialIFC(java.lang.Object, java.lang.Object, java.lang.Object)'> (0x00000000c433dcd0) 
thrown [s\open\src\hotspot\share\interpreter\linkResolver.cpp, line 774]
Event: 9.723 Thread 0x0000019c19803450 Exception <a 'java/lang/NoSuchMethodError'{0x00000000c39270d8}: 'java.lang.Object java.lang.invoke.DirectMethodHandle$Holder.invokeStatic(java.lang.Object, int, java.lang.Object)'> (0x00000000c39270d8) 
thrown [s\open\src\hotspot\share\interpreter\linkResolver.cpp, line 774]
Event: 9.759 Thread 0x0000019c19803450 Exception <a 'java/lang/NoSuchMethodError'{0x00000000c39bae28}: 'int java.lang.invoke.DirectMethodHandle$Holder.invokeStatic(java.lang.Object)'> (0x00000000c39bae28) 
thrown [s\open\src\hotspot\share\interpreter\linkResolver.cpp, line 774]
Event: 9.760 Thread 0x0000019c19803450 Exception <a 'java/lang/NoSuchMethodError'{0x00000000c39be230}: 'int java.lang.invoke.DirectMethodHandle$Holder.invokeStaticInit(java.lang.Object)'> (0x00000000c39be230) 
thrown [s\open\src\hotspot\share\interpreter\linkResolver.cpp, line 774]
Event: 10.175 Thread 0x0000019c19803450 Exception <a 'java/lang/NoSuchMethodError'{0x00000000c50ce638}: 'java.lang.Object java.lang.invoke.DirectMethodHandle$Holder.newInvokeSpecial(java.lang.Object, long, int, java.lang.Object)'> (0x00000000c50ce638) 
thrown [s\open\src\hotspot\share\interpreter\linkResolver.cpp, line 774]

ZGC Phase Switch (0 events):
No events

VM Operations (20 events):
Event: 3.430 Executing VM operation: HandshakeAllThreads (Deoptimize)
Event: 3.430 Executing VM operation: HandshakeAllThreads (Deoptimize) done
Event: 3.722 Executing VM operation: HandshakeAllThreads (Deoptimize)
Event: 3.722 Executing VM operation: HandshakeAllThreads (Deoptimize) done
Event: 3.879 Executing VM operation: HandshakeAllThreads (Deoptimize)
Event: 3.879 Executing VM operation: HandshakeAllThreads (Deoptimize) done
Event: 4.883 Executing VM operation: Cleanup
Event: 4.884 Executing VM operation: Cleanup done
Event: 7.661 Executing VM operation: HandshakeAllThreads (Deoptimize)
Event: 7.661 Executing VM operation: HandshakeAllThreads (Deoptimize) done
Event: 7.667 Executing VM operation: HandshakeAllThreads (Deoptimize)
Event: 7.667 Executing VM operation: HandshakeAllThreads (Deoptimize) done
Event: 7.668 Executing VM operation: Cleanup
Event: 7.668 Executing VM operation: Cleanup done
Event: 8.670 Executing VM operation: Cleanup
Event: 8.670 Executing VM operation: Cleanup done
Event: 9.679 Executing VM operation: Cleanup
Event: 9.679 Executing VM operation: Cleanup done
Event: 10.083 Executing VM operation: G1CollectForAllocation (G1 Evacuation Pause)
Event: 10.098 Executing VM operation: G1CollectForAllocation (G1 Evacuation Pause) done

Events (20 events):
Event: 0.729 Thread 0x0000019c7c548240 Thread added: 0x0000019c7c548240
Event: 1.790 Thread 0x0000019c7c909240 Thread added: 0x0000019c7c909240
Event: 3.003 Thread 0x0000019c7c909240 Thread exited: 0x0000019c7c909240
Event: 3.147 Thread 0x0000019c7ca7f510 Thread added: 0x0000019c7ca7f510
Event: 3.673 Thread 0x0000019c7ce9f470 Thread added: 0x0000019c7ce9f470
Event: 3.718 Thread 0x0000019c7ce4d860 Thread added: 0x0000019c7ce4d860
Event: 3.723 Thread 0x0000019c7c9fa6b0 Thread added: 0x0000019c7c9fa6b0
Event: 3.724 Thread 0x0000019c7c9fad40 Thread added: 0x0000019c7c9fad40
Event: 3.743 Thread 0x0000019c7c9f85e0 Thread added: 0x0000019c7c9f85e0
Event: 3.878 Thread 0x0000019c7c9fb3d0 Thread added: 0x0000019c7c9fb3d0
Event: 3.972 Thread 0x0000019c7c9f8c70 Thread added: 0x0000019c7c9f8c70
Event: 3.979 Thread 0x0000019c7c9f9990 Thread added: 0x0000019c7c9f9990
Event: 4.106 Thread 0x0000019c7c9f7f50 Thread added: 0x0000019c7c9f7f50
Event: 4.109 Thread 0x0000019c7c9f9300 Thread added: 0x0000019c7c9f9300
Event: 4.110 Thread 0x0000019c7c9fa020 Thread added: 0x0000019c7c9fa020
Event: 8.167 Thread 0x0000019c367f1640 Thread added: 0x0000019c367f1640
Event: 8.167 Thread 0x0000019c367ed4a0 Thread added: 0x0000019c367ed4a0
Event: 8.178 Thread 0x0000019c367efc00 Thread added: 0x0000019c367efc00
Event: 8.179 Thread 0x0000019c367ec0f0 Thread added: 0x0000019c367ec0f0
Event: 8.179 Thread 0x0000019c367eb3d0 Thread added: 0x0000019c367eb3d0


Dynamic libraries:
0x00007ff72d2c0000 - 0x00007ff72d2d0000 	C:\Program Files\Java\jdk-22\bin\javaw.exe
0x00007ffba6570000 - 0x00007ffba6768000 	C:\Windows\SYSTEM32\ntdll.dll
0x00007ffba5550000 - 0x00007ffba560d000 	C:\Windows\System32\KERNEL32.DLL
0x00007ffba4200000 - 0x00007ffba44f6000 	C:\Windows\System32\KERNELBASE.dll
0x00007ffba3d70000 - 0x00007ffba3e70000 	C:\Windows\System32\ucrtbase.dll
0x00007ffb9ddf0000 - 0x00007ffb9de07000 	C:\Program Files\Java\jdk-22\bin\jli.dll
0x00007ffb9e050000 - 0x00007ffb9e06b000 	C:\Program Files\Java\jdk-22\bin\VCRUNTIME140.dll
0x00007ffba4de0000 - 0x00007ffba4e90000 	C:\Windows\System32\ADVAPI32.dll
0x00007ffba6020000 - 0x00007ffba60be000 	C:\Windows\System32\msvcrt.dll
0x00007ffba4b30000 - 0x00007ffba4bd0000 	C:\Windows\System32\sechost.dll
0x00007ffba4600000 - 0x00007ffba4723000 	C:\Windows\System32\RPCRT4.dll
0x00007ffba41d0000 - 0x00007ffba41f7000 	C:\Windows\System32\bcrypt.dll
0x00007ffba6320000 - 0x00007ffba64bf000 	C:\Windows\System32\USER32.dll
0x00007ffba3fd0000 - 0x00007ffba3ff2000 	C:\Windows\System32\win32u.dll
0x00007ffba4ef0000 - 0x00007ffba4f1b000 	C:\Windows\System32\GDI32.dll
0x00007ffb994f0000 - 0x00007ffb9978a000 	C:\Windows\WinSxS\amd64_microsoft.windows.common-controls_6595b64144ccf1df_6.0.19041.4355_none_60b8b9eb71f62e16\COMCTL32.dll
0x00007ffba40b0000 - 0x00007ffba41c7000 	C:\Windows\System32\gdi32full.dll
0x00007ffba4500000 - 0x00007ffba459d000 	C:\Windows\System32\msvcp_win.dll
0x00007ffb972f0000 - 0x00007ffb972fa000 	C:\Windows\SYSTEM32\VERSION.dll
0x00007ffba4730000 - 0x00007ffba4762000 	C:\Windows\System32\IMM32.DLL
0x00007ffb9eba0000 - 0x00007ffb9ebac000 	C:\Program Files\Java\jdk-22\bin\vcruntime140_1.dll
0x00007ffb7b740000 - 0x00007ffb7b7ce000 	C:\Program Files\Java\jdk-22\bin\msvcp140.dll
0x00007ffb70eb0000 - 0x00007ffb71bf7000 	C:\Program Files\Java\jdk-22\bin\server\jvm.dll
0x00007ffba64c0000 - 0x00007ffba652b000 	C:\Windows\System32\WS2_32.dll
0x00007ffba3a70000 - 0x00007ffba3abb000 	C:\Windows\SYSTEM32\POWRPROF.dll
0x00007ffb8da10000 - 0x00007ffb8da37000 	C:\Windows\SYSTEM32\WINMM.dll
0x00007ffba3a50000 - 0x00007ffba3a62000 	C:\Windows\SYSTEM32\UMPDC.dll
0x00007ffba1aa0000 - 0x00007ffba1ab2000 	C:\Windows\SYSTEM32\kernel.appcore.dll
0x00007ffb9eb00000 - 0x00007ffb9eb0a000 	C:\Program Files\Java\jdk-22\bin\jimage.dll
0x00007ffb9bd40000 - 0x00007ffb9bf24000 	C:\Windows\SYSTEM32\DBGHELP.DLL
0x00007ffb9bf80000 - 0x00007ffb9bfb4000 	C:\Windows\SYSTEM32\dbgcore.DLL
0x00007ffba3c70000 - 0x00007ffba3cf2000 	C:\Windows\System32\bcryptPrimitives.dll
0x00007ffb9db50000 - 0x00007ffb9db6e000 	C:\Program Files\Java\jdk-22\bin\java.dll
0x00007ffba5800000 - 0x00007ffba5f6b000 	C:\Windows\System32\SHELL32.dll
0x00007ffba4cb0000 - 0x00007ffba4ddb000 	C:\Windows\System32\ole32.dll
0x00007ffba4770000 - 0x00007ffba4ac3000 	C:\Windows\System32\combase.dll
0x00007ffba1ca0000 - 0x00007ffba243d000 	C:\Windows\SYSTEM32\windows.storage.dll
0x00007ffba3570000 - 0x00007ffba359e000 	C:\Windows\SYSTEM32\Wldp.dll
0x00007ffba6120000 - 0x00007ffba61ed000 	C:\Windows\System32\OLEAUT32.dll
0x00007ffba5f70000 - 0x00007ffba601d000 	C:\Windows\System32\SHCORE.dll
0x00007ffba4e90000 - 0x00007ffba4ee5000 	C:\Windows\System32\shlwapi.dll
0x00007ffba3b50000 - 0x00007ffba3b74000 	C:\Windows\SYSTEM32\profapi.dll
0x00007ffb72f40000 - 0x00007ffb73017000 	C:\Program Files\Java\jdk-22\bin\jsvml.dll
0x00007ffb9ea40000 - 0x00007ffb9ea50000 	C:\Program Files\Java\jdk-22\bin\net.dll
0x00007ffba32d0000 - 0x00007ffba333a000 	C:\Windows\system32\mswsock.dll
0x00007ffb9c180000 - 0x00007ffb9c196000 	C:\Program Files\Java\jdk-22\bin\nio.dll
0x00007ffb9b4e0000 - 0x00007ffb9b4f7000 	C:\Program Files\Java\jdk-22\bin\zip.dll
0x00007ffb9e230000 - 0x00007ffb9e240000 	C:\Program Files\Java\jdk-22\bin\verify.dll
0x00007ffba2ff0000 - 0x00007ffba30bb000 	C:\Windows\SYSTEM32\DNSAPI.dll
0x00007ffba2fb0000 - 0x00007ffba2feb000 	C:\Windows\SYSTEM32\IPHLPAPI.DLL
0x00007ffba61f0000 - 0x00007ffba61f8000 	C:\Windows\System32\NSI.dll
0x00007ffb97110000 - 0x00007ffb9711a000 	C:\Windows\System32\rasadhlp.dll
0x00007ffb97530000 - 0x00007ffb975b0000 	C:\Windows\System32\fwpuclnt.dll
0x00007ffb9db40000 - 0x00007ffb9db49000 	C:\Program Files\Java\jdk-22\bin\extnet.dll
0x00007ffba34d0000 - 0x00007ffba34e8000 	C:\Windows\SYSTEM32\CRYPTSP.dll
0x00007ffba2bf0000 - 0x00007ffba2c24000 	C:\Windows\system32\rsaenh.dll
0x00007ffba3b00000 - 0x00007ffba3b2e000 	C:\Windows\SYSTEM32\USERENV.dll
0x00007ffba34c0000 - 0x00007ffba34cc000 	C:\Windows\SYSTEM32\CRYPTBASE.dll
0x00007ffb9dda0000 - 0x00007ffb9ddae000 	C:\Program Files\Java\jdk-22\bin\sunmscapi.dll
0x00007ffba3e70000 - 0x00007ffba3fce000 	C:\Windows\System32\CRYPT32.dll
0x00007ffba35e0000 - 0x00007ffba3609000 	C:\Windows\SYSTEM32\ncrypt.dll
0x00007ffba35a0000 - 0x00007ffba35db000 	C:\Windows\SYSTEM32\NTASN1.dll
0x00007ffb9edc0000 - 0x00007ffb9edc7000 	C:\Windows\system32\wshunix.dll
0x00007ffb9da50000 - 0x00007ffb9da5a000 	C:\Program Files\Java\jdk-22\bin\management.dll
0x00007ffb9a710000 - 0x00007ffb9a71b000 	C:\Program Files\Java\jdk-22\bin\management_ext.dll
0x00007ffba5540000 - 0x00007ffba5548000 	C:\Windows\System32\PSAPI.DLL
0x00007ffb9da60000 - 0x00007ffb9da77000 	C:\Windows\system32\napinsp.dll
0x00007ffb9da80000 - 0x00007ffb9da9b000 	C:\Windows\system32\pnrpnsp.dll
0x00007ffb89b40000 - 0x00007ffb89b55000 	C:\Windows\system32\wshbth.dll
0x00007ffb9dd00000 - 0x00007ffb9dd1d000 	C:\Windows\system32\NLAapi.dll
0x00007ffb9ece0000 - 0x00007ffb9ecf2000 	C:\Windows\System32\winrnr.dll

dbghelp: loaded successfully - version: 4.0.5 - missing functions: none
symbol engine: initialized successfully - sym options: 0x614 - pdb path: .;C:\Program Files\Java\jdk-22\bin;C:\Windows\SYSTEM32;C:\Windows\WinSxS\amd64_microsoft.windows.common-controls_6595b64144ccf1df_6.0.19041.4355_none_60b8b9eb71f62e16;C:\Program Files\Java\jdk-22\bin\server

VM Arguments:
jvm_args: -ea -Dfile.encoding=UTF-8 -Dstdout.encoding=UTF-8 -Dstderr.encoding=UTF-8 -XX:+ShowCodeDetailsInExceptionMessages 
java_command: org.testng.remote.RemoteTestNG -serport 55322 -protocol json -d C:\Java Workspace\Learn Java\LearnSelenium\Opencart1.1\test-output C:\Java Workspace\Learn Java\LearnSelenium\Opencart1.1\master.xml
java_class_path (initial): C:\Users\Admin\eclipse\java-2024-03\eclipse\configuration\org.eclipse.osgi\523\0\.cp\lib\testng-remote.jar;C:\Java Workspace\Learn Java\LearnSelenium\Opencart1.1\target\test-classes;C:\Java Workspace\Learn Java\LearnSelenium\Opencart1.1\target\classes;C:\Users\Admin\.m2\repository\org\seleniumhq\selenium\selenium-java\4.26.0\selenium-java-4.26.0.jar;C:\Users\Admin\.m2\repository\org\seleniumhq\selenium\selenium-api\4.26.0\selenium-api-4.26.0.jar;C:\Users\Admin\.m2\repository\org\jspecify\jspecify\1.0.0\jspecify-1.0.0.jar;C:\Users\Admin\.m2\repository\org\seleniumhq\selenium\selenium-chrome-driver\4.26.0\selenium-chrome-driver-4.26.0.jar;C:\Users\Admin\.m2\repository\com\google\auto\service\auto-service-annotations\1.1.1\auto-service-annotations-1.1.1.jar;C:\Users\Admin\.m2\repository\org\seleniumhq\selenium\selenium-chromium-driver\4.26.0\selenium-chromium-driver-4.26.0.jar;C:\Users\Admin\.m2\repository\org\seleniumhq\selenium\selenium-json\4.26.0\selenium-json-4.26.0.jar;C:\Users\Admin\.m2\repository\org\seleniumhq\selenium\selenium-manager\4.26.0\selenium-manager-4.26.0.jar;C:\Users\Admin\.m2\repository\org\seleniumhq\selenium\selenium-devtools-v128\4.26.0\selenium-devtools-v128-4.26.0.jar;C:\Users\Admin\.m2\repository\org\seleniumhq\selenium\selenium-devtools-v129\4.26.0\selenium-devtools-v129-4.26.0.jar;C:\Users\Admin\.m2\repository\org\seleniumhq\selenium\selenium-devtools-v130\4.26.0\selenium-devtools-v130-4.26.0.jar;C:\Users\Admin\.m2\repository\org\seleniumhq\selenium\selenium-devtools-v85\4.26.0\selenium-devtools-v85-4.26.0.jar;C:\Users\Admin\.m2\repository\org\seleniumhq\selenium\selenium-edge-driver\4.26.0\selenium-edge-driver-4.26.0.jar;C:\Users\Admin\.m2\repository\org\seleniumhq\selenium\selenium-firefox-driver\4.26.0\selenium-firefox-driver-4.26.0.jar;C:\Users\Admin\.m2\repository\org\seleniumhq\selenium\selenium-http\4.26.0\selenium-http-4.26.0.jar;C:\Users\Admin\.m2\repository\dev\failsafe\failsafe\3.3.2\failsafe-3.3.2.jar;C:\Users\Admin\.m2\repository\org\seleniumhq\selenium\selenium-ie-driver\4.26.0\selenium-ie-driver-4.26.0.jar;C:\Users\Admin\.m2\repository\org\seleniumhq\selenium\selenium-remote-driver\4.26.0\selenium-remote-driver-4.26.0.jar;C:\Users\Admin\.m2\repository\com\google\guava\guava\33.3.1-jre\guava-33.3.1-jre.jar;C:\Users\Admin\.m2\repository\com\google\guava\failureaccess\1.0.2\failureaccess-1.0.2.jar;C:\Users\Admin\.m2\repository\com\google\guava\listenablefuture\9999.0-empty-to-avoid-conflict-with-guava\listenablefuture-9999.0-empty-to-avoid-conflict-with-guava.jar;C:\Users\Admin\.m2\repository\com\google\code\findbugs\jsr305\3.0.2\jsr305-3.0.2.jar;C:\Users\Admin\.m2\repository\org\checkerframework\checker-qual\3.43.0\checker-qual-3.43.0.jar;C:\Users\Admin\.m2\repository\com\google\errorprone\error_prone_annotations\2.28.0\error_prone_annotations-2.28.0.jar;C:\Users\Admin\.m2\repository\com\google\j2objc\j2objc-annotations\3.0.0\j2objc-annotations-3.0.0.jar;C:\Users\Admin\.m2\repository\io\opentelemetry\semconv\opentelemetry-semconv\1.25.0-alpha\opentelemetry-semconv-1.25.0-alpha.jar;C:\Users\Admin\.m2\repository\io\opentelemetry\opentelemetry-api\1.43.0\opentelemetry-api-1.43.0.jar;C:\Users\Admin\.m2\repository\io\opentelemetry\opentelemetry-context\1.43.0\opentelemetry-context-1.43.0.jar;C:\Users\Admin\.m2\repository\io\opentelemetry\opentelemetry-exporter-logging\1.43.0\opentelemetry-exporter-logging-1.43.0.jar;C:\Users\Admin\.m2\repository\io\opentelemetry\opentelemetry-sdk-common\1.43.0\opentelemetry-sdk-common-1.43.0.jar;C:\Users\Admin\.m2\repository\io\opentelemetry\opentelemetry-sdk-extension-autoconfigure-spi\1.43.0\opentelemetry-sdk-extension-autoconfigure-spi-1.43.0.jar;C:\Users\Admin\.m2\repository\io\opentelemetry\opentelemetry-sdk-extension-autoconfigure\1.43.0\opentelemetry-sdk-extension-autoconfigure-1.43.0.jar;C:\Users\Admin\.m2\repository\io\opentelemetry\opentelemetry-api-incubator\1.43.0-alpha\opentelemetry-api-incubator-1.43.0-alpha.jar;C:\Users\Admin\.m2\repository\io\opentelemetry\opentelemetry-sdk-trace\1.43.0\opentelemetry-sdk-trace-1.43.0.jar;C:\Users\Admin\.m2\repository\io\opentelemetry\opentelemetry-sdk\1.43.0\opentelemetry-sdk-1.43.0.jar;C:\Users\Admin\.m2\repository\io\opentelemetry\opentelemetry-sdk-metrics\1.43.0\opentelemetry-sdk-metrics-1.43.0.jar;C:\Users\Admin\.m2\repository\io\opentelemetry\opentelemetry-sdk-logs\1.43.0\opentelemetry-sdk-logs-1.43.0.jar;C:\Users\Admin\.m2\repository\net\bytebuddy\byte-buddy\1.15.7\byte-buddy-1.15.7.jar;C:\Users\Admin\.m2\repository\org\seleniumhq\selenium\selenium-os\4.26.0\selenium-os-4.26.0.jar;C:\Users\Admin\.m2\repository\org\apache\commons\commons-exec\1.4.0\commons-exec-1.4.0.jar;C:\Users\Admin\.m2\repository\org\seleniumhq\selenium\selenium-safari-driver\4.26.0\selenium-safari-driver-4.26.0.jar;C:\Users\Admin\.m2\repository\org\seleniumhq\selenium\selenium-support\4.26.0\selenium-support-4.26.0.jar;C:\Users\Admin\.m2\repository\org\apache\poi\poi\5.3.0\poi-5.3.0.jar;C:\Users\Admin\.m2\repository\commons-codec\commons-codec\1.17.0\commons-codec-1.17.0.jar;C:\Users\Admin\.m2\repository\org\apache\commons\commons-collections4\4.4\commons-collections4-4.4.jar;C:\Users\Admin\.m2\repository\org\apache\commons\commons-math3\3.6.1\commons-math3-3.6.1.jar;C:\Users\Admin\.m2\repository\com\zaxxer\SparseBitSet\1.3\SparseBitSet-1.3.jar;C:\Users\Admin\.m2\repository\org\apache\poi\poi-ooxml\5.3.0\poi-ooxml-5.3.0.jar;C:\Users\Admin\.m2\repository\org\apache\poi\poi-ooxml-lite\5.3.0\poi-ooxml-lite-5.3.0.jar;C:\Users\Admin\.m2\repository\org\apache\xmlbeans\xmlbeans\5.2.1\xmlbeans-5.2.1.jar;C:\Users\Admin\.m2\repository\org\apache\commons\commons-compress\1.26.2\commons-compress-1.26.2.jar;C:\Users\Admin\.m2\repository\com\github\virtuald\curvesapi\1.08\curvesapi-1.08.jar;C:\Users\Admin\.m2\repository\org\apache\logging\log4j\log4j-core\2.24.1\log4j-core-2.24.1.jar;C:\Users\Admin\.m2\repository\org\apache\logging\log4j\log4j-api\2.24.1\log4j-api-2.24.1.jar;C:\Users\Admin\.m2\repository\commons-io\commons-io\2.17.0\commons-io-2.17.0.jar;C:\Users\Admin\.m2\repository\org\apache\commons\commons-lang3\3.17.0\commons-lang3-3.17.0.jar;C:\Users\Admin\.m2\repository\org\testng\testng\7.10.2\testng-7.10.2.jar;C:\Users\Admin\.m2\repository\org\slf4j\slf4j-api\1.7.36\slf4j-api-1.7.36.jar;C:\Users\Admin\.m2\repository\com\beust\jcommander\1.82\jcommander-1.82.jar;C:\Users\Admin\.m2\repository\org\webjars\jquery\3.7.1\jquery-3.7.1.jar;C:\Users\Admin\.m2\repository\com\aventstack\extentreports\5.1.2\extentreports-5.1.2.jar;C:\Users\Admin\.m2\repository\io\reactivex\rxjava3\rxjava\3.1.6\rxjava-3.1.6.jar;C:\Users\Admin\.m2\repository\org\reactivestreams\reactive-streams\1.0.4\reactive-streams-1.0.4.jar;C:\Users\Admin\.m2\repository\org\freemarker\freemarker\2.3.32\freemarker-2.3.32.jar;C:\Users\Admin\.m2\repository\org\projectlombok\lombok\1.18.26\lombok-1.18.26.jar;C:\Users\Admin\.m2\repository\com\google\code\gson\gson\2.10.1\gson-2.10.1.jar
Launcher Type: SUN_STANDARD

[Global flags]
     intx CICompilerCount                          = 3                                         {product} {ergonomic}
     uint ConcGCThreads                            = 1                                         {product} {ergonomic}
     uint G1ConcRefinementThreads                  = 4                                         {product} {ergonomic}
   size_t G1HeapRegionSize                         = 1048576                                   {product} {ergonomic}
   size_t InitialHeapSize                          = 67108864                                  {product} {ergonomic}
   size_t MarkStackSize                            = 4194304                                   {product} {ergonomic}
   size_t MaxHeapSize                              = 1054867456                                {product} {ergonomic}
   size_t MaxNewSize                               = 632291328                                 {product} {ergonomic}
   size_t MinHeapDeltaBytes                        = 1048576                                   {product} {ergonomic}
   size_t MinHeapSize                              = 8388608                                   {product} {ergonomic}
    uintx NonNMethodCodeHeapSize                   = 5832780                                {pd product} {ergonomic}
    uintx NonProfiledCodeHeapSize                  = 122912730                              {pd product} {ergonomic}
    uintx ProfiledCodeHeapSize                     = 122912730                              {pd product} {ergonomic}
    uintx ReservedCodeCacheSize                    = 251658240                              {pd product} {ergonomic}
     bool SegmentedCodeCache                       = true                                      {product} {ergonomic}
     bool ShowCodeDetailsInExceptionMessages       = true                                   {manageable} {command line}
   size_t SoftMaxHeapSize                          = 1054867456                             {manageable} {ergonomic}
     bool UseCompressedOops                        = true                           {product lp64_product} {ergonomic}
     bool UseG1GC                                  = true                                      {product} {ergonomic}
     bool UseLargePagesIndividualAllocation        = false                                  {pd product} {ergonomic}

Logging:
Log output configuration:
 #0: stdout all=warning uptime,level,tags foldmultilines=false
 #1: stderr all=off uptime,level,tags foldmultilines=false

Environment Variables:
PATH=C:\Program Files\Common Files\Oracle\Java\javapath;C:\Windows\system32;C:\Windows;C:\Windows\System32\Wbem;C:\Windows\System32\WindowsPowerShell\v1.0\;C:\Windows\System32\OpenSSH\;C:\Program Files\Java\jdk-22\bin;C:\Users\Admin\AppData\Local\Microsoft\WindowsApps;
USERNAME=Admin
OS=Windows_NT
PROCESSOR_IDENTIFIER=Intel64 Family 6 Model 61 Stepping 4, GenuineIntel
TMP=C:\Users\Admin\AppData\Local\Temp
TEMP=C:\Users\Admin\AppData\Local\Temp




Periodic native trim disabled

---------------  S Y S T E M  ---------------

OS:
 Windows 10 , 64 bit Build 19041 (10.0.19041.3636)
OS uptime: 27 days 13:33 hours

CPU: total 4 (initial active 4) (2 cores per cpu, 2 threads per core) family 6 model 61 stepping 4 microcode 0x2d, cx8, cmov, fxsr, ht, mmx, 3dnowpref, sse, sse2, sse3, ssse3, sse4.1, sse4.2, popcnt, lzcnt, tsc, tscinvbit, avx, avx2, aes, erms, clmul, bmi1, bmi2, adx, fma, vzeroupper, clflush, rdtscp, f16c
Processor Information for all 4 processors :
  Max Mhz: 2201, Current Mhz: 2201, Mhz Limit: 2201

Memory: 4k page, system-wide physical 4016M (357M free)
TotalPageFile size 16304M (AvailPageFile size 37M)
current process WorkingSet (physical memory assigned to process): 124M, peak: 124M
current process commit charge ("private bytes"): 179M, peak: 182M

vm_info: Java HotSpot(TM) 64-Bit Server VM (22.0.1+8-16) for windows-amd64 JRE (22.0.1+8-16), built on 2024-03-12T10:33:16Z by "mach5one" with MS VC++ 17.6 (VS2022)

END.
