#
# There is insufficient memory for the Java Runtime Environment to continue.
# Native memory allocation (malloc) failed to allocate 297776 bytes. Error detail: Chunk::new
# Possible reasons:
#   The system is out of physical RAM or swap space
#   This process is running with CompressedOops enabled, and the Java Heap may be blocking the growth of the native heap
# Possible solutions:
#   Reduce memory load on the system
#   Increase physical memory or swap space
#   Check if swap backing store is full
#   Decrease Java heap size (-Xmx/-Xms)
#   Decrease number of Java threads
#   Decrease Java thread stack sizes (-Xss)
#   Set larger code cache with -XX:ReservedCodeCacheSize=
#   JVM is running with Unscaled Compressed Oops mode in which the Java heap is
#     placed in the first 4GB address space. The Java Heap base address is the
#     maximum limit for the native heap growth. Please use -XX:HeapBaseMinAddress
#     to set the Java Heap base and to place the Java Heap above 4GB virtual address.
# This output file may be truncated or incomplete.
#
#  Out of Memory Error (arena.cpp:150), pid=3728, tid=3772
#
# JRE version: Java(TM) SE Runtime Environment (22.0.1+8) (build 22.0.1+8-16)
# Java VM: Java HotSpot(TM) 64-Bit Server VM (22.0.1+8-16, mixed mode, sharing, tiered, compressed oops, compressed class ptrs, g1 gc, windows-amd64)
# No core dump will be written. Minidumps are not enabled by default on client versions of Windows
#

---------------  S U M M A R Y ------------

Command Line: -ea -Dfile.encoding=UTF-8 -Dstdout.encoding=UTF-8 -Dstderr.encoding=UTF-8 -XX:+ShowCodeDetailsInExceptionMessages org.testng.remote.RemoteTestNG -serport 50644 -protocol json -d C:\Java Workspace\Learn Java\LearnSelenium\Opencart1.1\test-output C:\Java Workspace\Learn Java\LearnSelenium\Opencart1.1\mastergroup.xml

Host: Intel(R) Core(TM) i5-5200U CPU @ 2.20GHz, 4 cores, 3G,  Windows 10 , 64 bit Build 19041 (10.0.19041.3636)
Time: Fri Nov 15 18:25:36 2024 India Standard Time elapsed time: 7.201095 seconds (0d 0h 0m 7s)

---------------  T H R E A D  ---------------

Current thread (0x000001799d244f30):  JavaThread "C2 CompilerThread1" daemon [_thread_in_native, id=3772, stack(0x0000004acbb00000,0x0000004acbc00000) (1024K)]


Current CompileTask:
C2:7201 1948       4       java.lang.invoke.MethodType::makeImpl (109 bytes)

Stack: [0x0000004acbb00000,0x0000004acbc00000]
Native frames: (J=compiled Java code, j=interpreted, Vv=VM code, C=native code)
V  [jvm.dll+0x6e2279]  (no source info available)
V  [jvm.dll+0x874e33]  (no source info available)
V  [jvm.dll+0x87725e]  (no source info available)
V  [jvm.dll+0x877933]  (no source info available)
V  [jvm.dll+0x27fd76]  (no source info available)
V  [jvm.dll+0xc3d0f]  (no source info available)
V  [jvm.dll+0xc3f6b]  (no source info available)
V  [jvm.dll+0x5ed74a]  (no source info available)
V  [jvm.dll+0x387b9a]  (no source info available)
V  [jvm.dll+0x386fda]  (no source info available)
V  [jvm.dll+0x247918]  (no source info available)
V  [jvm.dll+0x246fbf]  (no source info available)
V  [jvm.dll+0x1c4e90]  (no source info available)
V  [jvm.dll+0x2569fe]  (no source info available)
V  [jvm.dll+0x254cba]  (no source info available)
V  [jvm.dll+0x3f5336]  (no source info available)
V  [jvm.dll+0x81d44b]  (no source info available)
V  [jvm.dll+0x6e0915]  (no source info available)
C  [ucrtbase.dll+0x21bb2]  (no source info available)
C  [KERNEL32.DLL+0x17344]  (no source info available)
C  [ntdll.dll+0x526b1]  (no source info available)


---------------  P R O C E S S  ---------------

Threads class SMR info:
_java_thread_list=0x000001799db51540, length=15, elements={
0x000001793ab31f70, 0x0000017957872a00, 0x0000017957874010, 0x0000017957877fd0,
0x0000017957878b30, 0x000001795789ba70, 0x000001795789c4d0, 0x000001795789d260,
0x000001795790fe40, 0x0000017957af2b40, 0x0000017957b011a0, 0x000001799db57d70,
0x000001799db583e0, 0x000001799db5ae60, 0x000001799d244f30
}

Java Threads: ( => current thread )
  0x000001793ab31f70 JavaThread "main"                              [_thread_in_Java, id=5044, stack(0x0000004aca100000,0x0000004aca200000) (1024K)]
  0x0000017957872a00 JavaThread "Reference Handler"          daemon [_thread_blocked, id=7308, stack(0x0000004aca900000,0x0000004acaa00000) (1024K)]
  0x0000017957874010 JavaThread "Finalizer"                  daemon [_thread_blocked, id=15608, stack(0x0000004acaa00000,0x0000004acab00000) (1024K)]
  0x0000017957877fd0 JavaThread "Signal Dispatcher"          daemon [_thread_blocked, id=12744, stack(0x0000004acab00000,0x0000004acac00000) (1024K)]
  0x0000017957878b30 JavaThread "Attach Listener"            daemon [_thread_blocked, id=16120, stack(0x0000004acac00000,0x0000004acad00000) (1024K)]
  0x000001795789ba70 JavaThread "Service Thread"             daemon [_thread_blocked, id=11356, stack(0x0000004acad00000,0x0000004acae00000) (1024K)]
  0x000001795789c4d0 JavaThread "Monitor Deflation Thread"   daemon [_thread_blocked, id=4412, stack(0x0000004acae00000,0x0000004acaf00000) (1024K)]
  0x000001795789d260 JavaThread "C2 CompilerThread0"         daemon [_thread_blocked, id=14904, stack(0x0000004acaf00000,0x0000004acb000000) (1024K)]
  0x000001795790fe40 JavaThread "C1 CompilerThread0"         daemon [_thread_blocked, id=12088, stack(0x0000004acb000000,0x0000004acb100000) (1024K)]
  0x0000017957af2b40 JavaThread "Notification Thread"        daemon [_thread_blocked, id=15108, stack(0x0000004acb100000,0x0000004acb200000) (1024K)]
  0x0000017957b011a0 JavaThread "Common-Cleaner"             daemon [_thread_blocked, id=4156, stack(0x0000004acb200000,0x0000004acb300000) (1024K)]
  0x000001799db57d70 JavaThread "ForkJoinPool.commonPool-worker-1" daemon [_thread_blocked, id=4076, stack(0x0000004acb800000,0x0000004acb900000) (1024K)]
  0x000001799db583e0 JavaThread "ForkJoinPool.commonPool-worker-2" daemon [_thread_blocked, id=13284, stack(0x0000004acb900000,0x0000004acba00000) (1024K)]
  0x000001799db5ae60 JavaThread "ForkJoinPool.commonPool-worker-3" daemon [_thread_blocked, id=13192, stack(0x0000004acba00000,0x0000004acbb00000) (1024K)]
=>0x000001799d244f30 JavaThread "C2 CompilerThread1"         daemon [_thread_in_native, id=3772, stack(0x0000004acbb00000,0x0000004acbc00000) (1024K)]
Total: 15

Other Threads:
  0x000001793cdcaeb0 VMThread "VM Thread"                           [id=15652, stack(0x0000004aca800000,0x0000004aca900000) (1024K)]
  0x000001793cdb2ea0 WatcherThread "VM Periodic Task Thread"        [id=276, stack(0x0000004aca700000,0x0000004aca800000) (1024K)]
  0x000001793cd40360 WorkerThread "GC Thread#0"                     [id=4640, stack(0x0000004aca200000,0x0000004aca300000) (1024K)]
  0x000001799d500c40 WorkerThread "GC Thread#1"                     [id=4832, stack(0x0000004acb500000,0x0000004acb600000) (1024K)]
  0x000001799d500ff0 WorkerThread "GC Thread#2"                     [id=4472, stack(0x0000004acb600000,0x0000004acb700000) (1024K)]
  0x000001799d28cec0 WorkerThread "GC Thread#3"                     [id=11500, stack(0x0000004acb700000,0x0000004acb800000) (1024K)]
  0x000001793cd49020 ConcurrentGCThread "G1 Main Marker"            [id=15600, stack(0x0000004aca300000,0x0000004aca400000) (1024K)]
  0x000001793cd49a40 WorkerThread "G1 Conc#0"                       [id=14400, stack(0x0000004aca400000,0x0000004aca500000) (1024K)]
  0x000001793cda0370 ConcurrentGCThread "G1 Refine#0"               [id=4500, stack(0x0000004aca500000,0x0000004aca600000) (1024K)]
  0x000001793cda0e00 ConcurrentGCThread "G1 Service"                [id=5620, stack(0x0000004aca600000,0x0000004aca700000) (1024K)]
Total: 10

Threads with active compile tasks:
C2 CompilerThread1  7350 1948       4       java.lang.invoke.MethodType::makeImpl (109 bytes)
Total: 1

VM state: not at safepoint (normal execution)

VM Mutex/Monitor currently owned by a thread: None

Heap address: 0x00000000c1200000, size: 1006 MB, Compressed Oops mode: 32-bit

CDS archive(s) mapped at: [0x0000017958000000-0x0000017958c60000-0x0000017958c60000), size 12976128, SharedBaseAddress: 0x0000017958000000, ArchiveRelocationMode: 1.
Compressed class space mapped at: 0x0000017959000000-0x0000017999000000, reserved size: 1073741824
Narrow klass base: 0x0000017958000000, Narrow klass shift: 0, Narrow klass range: 0x41000000

GC Precious Log:
 CardTable entry size: 512
 Card Set container configuration: InlinePtr #cards 5 size 8 Array Of Cards #cards 12 size 40 Howl #buckets 4 coarsen threshold 1843 Howl Bitmap #cards 512 size 80 coarsen threshold 460 Card regions per heap region 1 cards per card region 2048
 CPUs: 4 total, 4 available
 Memory: 4016M
 Large Page Support: Disabled
 NUMA Support: Disabled
 Compressed Oops: Enabled (32-bit)
 Heap Region Size: 1M
 Heap Min Capacity: 8M
 Heap Initial Capacity: 64M
 Heap Max Capacity: 1006M
 Pre-touch: Disabled
 Parallel Workers: 4
 Concurrent Workers: 1
 Concurrent Refinement Workers: 4
 Periodic GC: Disabled

Heap:
 garbage-first heap   total reserved 1030144K, committed 65536K, used 12260K [0x00000000c1200000, 0x0000000100000000)
  region size 1024K, 7 young (7168K), 2 survivors (2048K)
 Metaspace       used 9321K, committed 9728K, reserved 1114112K
  class space    used 1110K, committed 1280K, reserved 1048576K

Heap Regions: E=young(eden), S=young(survivor), O=old, HS=humongous(starts), HC=humongous(continues), CS=collection set, F=free, TAMS=top-at-mark-start, PB=parsable bottom
|   0|0x00000000c1200000, 0x00000000c1300000, 0x00000000c1300000|100%|HS|  |TAMS 0x00000000c1200000| PB 0x00000000c1200000| Complete |  0
|   1|0x00000000c1300000, 0x00000000c1400000, 0x00000000c1400000|100%| O|  |TAMS 0x00000000c1300000| PB 0x00000000c1300000| Untracked |  0
|   2|0x00000000c1400000, 0x00000000c1500000, 0x00000000c1500000|100%| O|  |TAMS 0x00000000c1400000| PB 0x00000000c1400000| Untracked |  0
|   3|0x00000000c1500000, 0x00000000c1600000, 0x00000000c1600000|100%| O|  |TAMS 0x00000000c1500000| PB 0x00000000c1500000| Untracked |  0
|   4|0x00000000c1600000, 0x00000000c1700000, 0x00000000c1700000|100%| O|  |TAMS 0x00000000c1600000| PB 0x00000000c1600000| Untracked |  0
|   5|0x00000000c1700000, 0x00000000c1800000, 0x00000000c1800000|100%| O|  |TAMS 0x00000000c1700000| PB 0x00000000c1700000| Untracked |  0
|   6|0x00000000c1800000, 0x00000000c18a62d8, 0x00000000c1900000| 64%| O|  |TAMS 0x00000000c1800000| PB 0x00000000c1800000| Untracked |  0
|   7|0x00000000c1900000, 0x00000000c1900000, 0x00000000c1a00000|  0%| F|  |TAMS 0x00000000c1900000| PB 0x00000000c1900000| Untracked |  0
|   8|0x00000000c1a00000, 0x00000000c1a00000, 0x00000000c1b00000|  0%| F|  |TAMS 0x00000000c1a00000| PB 0x00000000c1a00000| Untracked |  0
|   9|0x00000000c1b00000, 0x00000000c1b00000, 0x00000000c1c00000|  0%| F|  |TAMS 0x00000000c1b00000| PB 0x00000000c1b00000| Untracked |  0
|  10|0x00000000c1c00000, 0x00000000c1c00000, 0x00000000c1d00000|  0%| F|  |TAMS 0x00000000c1c00000| PB 0x00000000c1c00000| Untracked |  0
|  11|0x00000000c1d00000, 0x00000000c1d00000, 0x00000000c1e00000|  0%| F|  |TAMS 0x00000000c1d00000| PB 0x00000000c1d00000| Untracked |  0
|  12|0x00000000c1e00000, 0x00000000c1e00000, 0x00000000c1f00000|  0%| F|  |TAMS 0x00000000c1e00000| PB 0x00000000c1e00000| Untracked |  0
|  13|0x00000000c1f00000, 0x00000000c1f00000, 0x00000000c2000000|  0%| F|  |TAMS 0x00000000c1f00000| PB 0x00000000c1f00000| Untracked |  0
|  14|0x00000000c2000000, 0x00000000c2000000, 0x00000000c2100000|  0%| F|  |TAMS 0x00000000c2000000| PB 0x00000000c2000000| Untracked |  0
|  15|0x00000000c2100000, 0x00000000c2100000, 0x00000000c2200000|  0%| F|  |TAMS 0x00000000c2100000| PB 0x00000000c2100000| Untracked |  0
|  16|0x00000000c2200000, 0x00000000c2200000, 0x00000000c2300000|  0%| F|  |TAMS 0x00000000c2200000| PB 0x00000000c2200000| Untracked |  0
|  17|0x00000000c2300000, 0x00000000c2300000, 0x00000000c2400000|  0%| F|  |TAMS 0x00000000c2300000| PB 0x00000000c2300000| Untracked |  0
|  18|0x00000000c2400000, 0x00000000c2400000, 0x00000000c2500000|  0%| F|  |TAMS 0x00000000c2400000| PB 0x00000000c2400000| Untracked |  0
|  19|0x00000000c2500000, 0x00000000c2500000, 0x00000000c2600000|  0%| F|  |TAMS 0x00000000c2500000| PB 0x00000000c2500000| Untracked |  0
|  20|0x00000000c2600000, 0x00000000c2600000, 0x00000000c2700000|  0%| F|  |TAMS 0x00000000c2600000| PB 0x00000000c2600000| Untracked |  0
|  21|0x00000000c2700000, 0x00000000c2700000, 0x00000000c2800000|  0%| F|  |TAMS 0x00000000c2700000| PB 0x00000000c2700000| Untracked |  0
|  22|0x00000000c2800000, 0x00000000c2800000, 0x00000000c2900000|  0%| F|  |TAMS 0x00000000c2800000| PB 0x00000000c2800000| Untracked |  0
|  23|0x00000000c2900000, 0x00000000c2900000, 0x00000000c2a00000|  0%| F|  |TAMS 0x00000000c2900000| PB 0x00000000c2900000| Untracked |  0
|  24|0x00000000c2a00000, 0x00000000c2a00000, 0x00000000c2b00000|  0%| F|  |TAMS 0x00000000c2a00000| PB 0x00000000c2a00000| Untracked |  0
|  25|0x00000000c2b00000, 0x00000000c2b00000, 0x00000000c2c00000|  0%| F|  |TAMS 0x00000000c2b00000| PB 0x00000000c2b00000| Untracked |  0
|  26|0x00000000c2c00000, 0x00000000c2c00000, 0x00000000c2d00000|  0%| F|  |TAMS 0x00000000c2c00000| PB 0x00000000c2c00000| Untracked |  0
|  27|0x00000000c2d00000, 0x00000000c2d00000, 0x00000000c2e00000|  0%| F|  |TAMS 0x00000000c2d00000| PB 0x00000000c2d00000| Untracked |  0
|  28|0x00000000c2e00000, 0x00000000c2e00000, 0x00000000c2f00000|  0%| F|  |TAMS 0x00000000c2e00000| PB 0x00000000c2e00000| Untracked |  0
|  29|0x00000000c2f00000, 0x00000000c2f00000, 0x00000000c3000000|  0%| F|  |TAMS 0x00000000c2f00000| PB 0x00000000c2f00000| Untracked |  0
|  30|0x00000000c3000000, 0x00000000c3000000, 0x00000000c3100000|  0%| F|  |TAMS 0x00000000c3000000| PB 0x00000000c3000000| Untracked |  0
|  31|0x00000000c3100000, 0x00000000c3100000, 0x00000000c3200000|  0%| F|  |TAMS 0x00000000c3100000| PB 0x00000000c3100000| Untracked |  0
|  32|0x00000000c3200000, 0x00000000c3200000, 0x00000000c3300000|  0%| F|  |TAMS 0x00000000c3200000| PB 0x00000000c3200000| Untracked |  0
|  33|0x00000000c3300000, 0x00000000c3300000, 0x00000000c3400000|  0%| F|  |TAMS 0x00000000c3300000| PB 0x00000000c3300000| Untracked |  0
|  34|0x00000000c3400000, 0x00000000c3400000, 0x00000000c3500000|  0%| F|  |TAMS 0x00000000c3400000| PB 0x00000000c3400000| Untracked |  0
|  35|0x00000000c3500000, 0x00000000c3500000, 0x00000000c3600000|  0%| F|  |TAMS 0x00000000c3500000| PB 0x00000000c3500000| Untracked |  0
|  36|0x00000000c3600000, 0x00000000c3600000, 0x00000000c3700000|  0%| F|  |TAMS 0x00000000c3600000| PB 0x00000000c3600000| Untracked |  0
|  37|0x00000000c3700000, 0x00000000c3700000, 0x00000000c3800000|  0%| F|  |TAMS 0x00000000c3700000| PB 0x00000000c3700000| Untracked |  0
|  38|0x00000000c3800000, 0x00000000c3800000, 0x00000000c3900000|  0%| F|  |TAMS 0x00000000c3800000| PB 0x00000000c3800000| Untracked |  0
|  39|0x00000000c3900000, 0x00000000c3900000, 0x00000000c3a00000|  0%| F|  |TAMS 0x00000000c3900000| PB 0x00000000c3900000| Untracked |  0
|  40|0x00000000c3a00000, 0x00000000c3a00000, 0x00000000c3b00000|  0%| F|  |TAMS 0x00000000c3a00000| PB 0x00000000c3a00000| Untracked |  0
|  41|0x00000000c3b00000, 0x00000000c3b00000, 0x00000000c3c00000|  0%| F|  |TAMS 0x00000000c3b00000| PB 0x00000000c3b00000| Untracked |  0
|  42|0x00000000c3c00000, 0x00000000c3c00000, 0x00000000c3d00000|  0%| F|  |TAMS 0x00000000c3c00000| PB 0x00000000c3c00000| Untracked |  0
|  43|0x00000000c3d00000, 0x00000000c3d00000, 0x00000000c3e00000|  0%| F|  |TAMS 0x00000000c3d00000| PB 0x00000000c3d00000| Untracked |  0
|  44|0x00000000c3e00000, 0x00000000c3e00000, 0x00000000c3f00000|  0%| F|  |TAMS 0x00000000c3e00000| PB 0x00000000c3e00000| Untracked |  0
|  45|0x00000000c3f00000, 0x00000000c3f00000, 0x00000000c4000000|  0%| F|  |TAMS 0x00000000c3f00000| PB 0x00000000c3f00000| Untracked |  0
|  46|0x00000000c4000000, 0x00000000c4000000, 0x00000000c4100000|  0%| F|  |TAMS 0x00000000c4000000| PB 0x00000000c4000000| Untracked |  0
|  47|0x00000000c4100000, 0x00000000c4152e48, 0x00000000c4200000| 32%| S|CS|TAMS 0x00000000c4100000| PB 0x00000000c4100000| Complete |  0
|  48|0x00000000c4200000, 0x00000000c4200000, 0x00000000c4300000|  0%| F|  |TAMS 0x00000000c4200000| PB 0x00000000c4200000| Untracked |  0
|  49|0x00000000c4300000, 0x00000000c4300000, 0x00000000c4400000|  0%| F|  |TAMS 0x00000000c4300000| PB 0x00000000c4300000| Untracked |  0
|  50|0x00000000c4400000, 0x00000000c4500000, 0x00000000c4500000|100%| S|CS|TAMS 0x00000000c4400000| PB 0x00000000c4400000| Complete |  0
|  51|0x00000000c4500000, 0x00000000c4500000, 0x00000000c4600000|  0%| F|  |TAMS 0x00000000c4500000| PB 0x00000000c4500000| Untracked |  0
|  52|0x00000000c4600000, 0x00000000c4600000, 0x00000000c4700000|  0%| F|  |TAMS 0x00000000c4600000| PB 0x00000000c4600000| Untracked |  0
|  53|0x00000000c4700000, 0x00000000c4700000, 0x00000000c4800000|  0%| F|  |TAMS 0x00000000c4700000| PB 0x00000000c4700000| Untracked |  0
|  54|0x00000000c4800000, 0x00000000c4800000, 0x00000000c4900000|  0%| F|  |TAMS 0x00000000c4800000| PB 0x00000000c4800000| Untracked |  0
|  55|0x00000000c4900000, 0x00000000c4900000, 0x00000000c4a00000|  0%| F|  |TAMS 0x00000000c4900000| PB 0x00000000c4900000| Untracked |  0
|  56|0x00000000c4a00000, 0x00000000c4a00000, 0x00000000c4b00000|  0%| F|  |TAMS 0x00000000c4a00000| PB 0x00000000c4a00000| Untracked |  0
|  57|0x00000000c4b00000, 0x00000000c4b00000, 0x00000000c4c00000|  0%| F|  |TAMS 0x00000000c4b00000| PB 0x00000000c4b00000| Untracked |  0
|  58|0x00000000c4c00000, 0x00000000c4c00000, 0x00000000c4d00000|  0%| F|  |TAMS 0x00000000c4c00000| PB 0x00000000c4c00000| Untracked |  0
|  59|0x00000000c4d00000, 0x00000000c4e00000, 0x00000000c4e00000|100%| E|  |TAMS 0x00000000c4d00000| PB 0x00000000c4d00000| Complete |  0
|  60|0x00000000c4e00000, 0x00000000c4f00000, 0x00000000c4f00000|100%| E|CS|TAMS 0x00000000c4e00000| PB 0x00000000c4e00000| Complete |  0
|  61|0x00000000c4f00000, 0x00000000c5000000, 0x00000000c5000000|100%| E|CS|TAMS 0x00000000c4f00000| PB 0x00000000c4f00000| Complete |  0
|  62|0x00000000c5000000, 0x00000000c5100000, 0x00000000c5100000|100%| E|CS|TAMS 0x00000000c5000000| PB 0x00000000c5000000| Complete |  0
|  63|0x00000000c5100000, 0x00000000c5200000, 0x00000000c5200000|100%| E|CS|TAMS 0x00000000c5100000| PB 0x00000000c5100000| Complete |  0

Card table byte_map: [0x0000017954250000,0x0000017954450000] _byte_map_base: 0x0000017953c47000

Marking Bits: (CMBitMap*) 0x000001793cd40980
 Bits: [0x0000017954450000, 0x0000017955408000)

Polling page: 0x000001793aae0000

Metaspace:

Usage:
  Non-class:      8.03 MB used.
      Class:      1.09 MB used.
       Both:      9.11 MB used.

Virtual space:
  Non-class space:       64.00 MB reserved,       8.25 MB ( 13%) committed,  1 nodes.
      Class space:        1.00 GB reserved,       1.25 MB ( <1%) committed,  1 nodes.
             Both:        1.06 GB reserved,       9.50 MB ( <1%) committed. 

Chunk freelists:
   Non-Class:  7.70 MB
       Class:  14.73 MB
        Both:  22.43 MB

MaxMetaspaceSize: unlimited
CompressedClassSpaceSize: 1.00 GB
Initial GC threshold: 21.00 MB
Current GC threshold: 21.00 MB
CDS: on
 - commit_granule_bytes: 65536.
 - commit_granule_words: 8192.
 - virtual_space_node_default_size: 8388608.
 - enlarge_chunks_in_place: 1.
 - use_allocation_guard: 0.


Internal statistics:

num_allocs_failed_limit: 0.
num_arena_births: 414.
num_arena_deaths: 0.
num_vsnodes_births: 2.
num_vsnodes_deaths: 0.
num_space_committed: 152.
num_space_uncommitted: 0.
num_chunks_returned_to_freelist: 0.
num_chunks_taken_from_freelist: 724.
num_chunk_merges: 0.
num_chunk_splits: 406.
num_chunks_enlarged: 176.
num_inconsistent_stats: 0.

CodeHeap 'non-profiled nmethods': size=120000Kb used=697Kb max_used=697Kb free=119302Kb
 bounds [0x000001794cb20000, 0x000001794cd90000, 0x0000017954050000]
CodeHeap 'profiled nmethods': size=120000Kb used=3716Kb max_used=3716Kb free=116283Kb
 bounds [0x0000017945050000, 0x0000017945400000, 0x000001794c580000]
CodeHeap 'non-nmethods': size=5760Kb used=1474Kb max_used=1482Kb free=4285Kb
 bounds [0x000001794c580000, 0x000001794c7f0000, 0x000001794cb20000]
 total_blobs=2542 nmethods=2000 adapters=444
 compilation: enabled
              stopped_count=0, restarted_count=0
 full_count=0

Compilation events (20 events):
Event: 6.772 Thread 0x000001795790fe40 1968       3       java.util.regex.Pattern$TreeInfo::reset (21 bytes)
Event: 6.772 Thread 0x000001795790fe40 nmethod 1968 0x00000179453e0a90 code [0x00000179453e0c20, 0x00000179453e0d40]
Event: 6.779 Thread 0x000001795790fe40 1969   !   3       java.util.concurrent.ConcurrentHashMap::initTable (112 bytes)
Event: 6.780 Thread 0x000001795790fe40 nmethod 1969 0x00000179453e0e10 code [0x00000179453e1000, 0x00000179453e1858]
Event: 6.863 Thread 0x000001795790fe40 1970       3       java.util.regex.Pattern::read (33 bytes)
Event: 6.864 Thread 0x000001795790fe40 nmethod 1970 0x00000179453e1a90 code [0x00000179453e1c40, 0x00000179453e1ea0]
Event: 6.864 Thread 0x000001795790fe40 1971       3       jdk.internal.jimage.BasicImageReader::verifyLocation (39 bytes)
Event: 6.865 Thread 0x000001795790fe40 nmethod 1971 0x00000179453e2010 code [0x00000179453e21e0, 0x00000179453e24b8]
Event: 6.874 Thread 0x000001795790fe40 1972       3       jdk.internal.loader.BuiltinClassLoader::hasClassPath (13 bytes)
Event: 6.874 Thread 0x000001795790fe40 nmethod 1972 0x00000179453e2610 code [0x00000179453e27a0, 0x00000179453e2900]
Event: 6.931 Thread 0x000001795789d260 1973       4       sun.nio.fs.WindowsPathParser::isInvalidPathChar (22 bytes)
Event: 6.933 Thread 0x000001795789d260 nmethod 1973 0x000001794cbccb10 code [0x000001794cbccca0, 0x000001794cbcce38]
Event: 6.978 Thread 0x000001795790fe40 1974       3       jdk.internal.jimage.ImageLocation::verify (218 bytes)
Event: 6.978 Thread 0x000001795789d260 1975       4       java.nio.DirectIntBufferU::ix (10 bytes)
Event: 6.979 Thread 0x000001795789d260 nmethod 1975 0x000001794cbccf90 code [0x000001794cbcd100, 0x000001794cbcd190]
Event: 6.979 Thread 0x000001795790fe40 nmethod 1974 0x00000179453e2990 code [0x00000179453e2c40, 0x00000179453e38f0]
Event: 7.070 Thread 0x000001795790fe40 1976       3       java.nio.ByteOrder::nativeOrder (4 bytes)
Event: 7.070 Thread 0x000001795790fe40 nmethod 1976 0x00000179453e3e90 code [0x00000179453e4020, 0x00000179453e4118]
Event: 7.161 Thread 0x000001795790fe40 1977       3       jdk.internal.misc.Unsafe::checkPointer (19 bytes)
Event: 7.161 Thread 0x000001795790fe40 nmethod 1977 0x00000179453e4190 code [0x00000179453e4360, 0x00000179453e46e8]

GC Heap History (4 events):
Event: 4.007 GC heap before
{Heap before GC invocations=0 (full 0):
 garbage-first heap   total reserved 1030144K, committed 65536K, used 14336K [0x00000000c1200000, 0x0000000100000000)
  region size 1024K, 14 young (14336K), 0 survivors (0K)
 Metaspace       used 5317K, committed 5504K, reserved 1114112K
  class space    used 581K, committed 640K, reserved 1048576K
}
Event: 4.015 GC heap after
{Heap after GC invocations=1 (full 0):
 garbage-first heap   total reserved 1030144K, committed 65536K, used 6704K [0x00000000c1200000, 0x0000000100000000)
  region size 1024K, 2 young (2048K), 2 survivors (2048K)
 Metaspace       used 5317K, committed 5504K, reserved 1114112K
  class space    used 581K, committed 640K, reserved 1048576K
}
Event: 6.016 GC heap before
{Heap before GC invocations=1 (full 0):
 garbage-first heap   total reserved 1030144K, committed 65536K, used 18992K [0x00000000c1200000, 0x0000000100000000)
  region size 1024K, 15 young (15360K), 2 survivors (2048K)
 Metaspace       used 8306K, committed 8704K, reserved 1114112K
  class space    used 995K, committed 1152K, reserved 1048576K
}
Event: 6.022 GC heap after
{Heap after GC invocations=2 (full 0):
 garbage-first heap   total reserved 1030144K, committed 65536K, used 8164K [0x00000000c1200000, 0x0000000100000000)
  region size 1024K, 2 young (2048K), 2 survivors (2048K)
 Metaspace       used 8306K, committed 8704K, reserved 1114112K
  class space    used 995K, committed 1152K, reserved 1048576K
}

Dll operation events (8 events):
Event: 0.101 Loaded shared library C:\Program Files\Java\jdk-22\bin\java.dll
Event: 0.266 Loaded shared library C:\Program Files\Java\jdk-22\bin\jsvml.dll
Event: 0.931 Loaded shared library C:\Program Files\Java\jdk-22\bin\net.dll
Event: 0.935 Loaded shared library C:\Program Files\Java\jdk-22\bin\nio.dll
Event: 0.968 Loaded shared library C:\Program Files\Java\jdk-22\bin\zip.dll
Event: 2.095 Loaded shared library C:\Program Files\Java\jdk-22\bin\jimage.dll
Event: 2.322 Loaded shared library C:\Program Files\Java\jdk-22\bin\verify.dll
Event: 3.175 Loaded shared library C:\Program Files\Java\jdk-22\bin\extnet.dll

Deoptimization events (20 events):
Event: 6.136 Thread 0x000001793ab31f70 Uncommon trap: trap_request=0xffffff45 fr.pc=0x000001794cbb35d8 relative=0x00000000000006b8
Event: 6.136 Thread 0x000001793ab31f70 Uncommon trap: reason=unstable_if action=reinterpret pc=0x000001794cbb35d8 method=java.util.regex.Pattern$BmpCharPropertyGreedy.match(Ljava/util/regex/Matcher;ILjava/lang/CharSequence;)Z @ 12 c2
Event: 6.136 Thread 0x000001793ab31f70 DEOPT PACKING pc=0x000001794cbb35d8 sp=0x0000004aca1fdfe0
Event: 6.136 Thread 0x000001793ab31f70 DEOPT UNPACKING pc=0x000001794c5d46a2 sp=0x0000004aca1fdf18 mode 2
Event: 6.276 Thread 0x000001793ab31f70 Uncommon trap: trap_request=0xffffffde fr.pc=0x000001794cbb12e4 relative=0x0000000000000304
Event: 6.276 Thread 0x000001793ab31f70 Uncommon trap: reason=class_check action=maybe_recompile pc=0x000001794cbb12e4 method=java.util.regex.Pattern$BmpCharPropertyGreedy.match(Ljava/util/regex/Matcher;ILjava/lang/CharSequence;)Z @ 26 c2
Event: 6.276 Thread 0x000001793ab31f70 DEOPT PACKING pc=0x000001794cbb12e4 sp=0x0000004aca1fe8b0
Event: 6.276 Thread 0x000001793ab31f70 DEOPT UNPACKING pc=0x000001794c5d46a2 sp=0x0000004aca1fe848 mode 2
Event: 6.276 Thread 0x000001793ab31f70 Uncommon trap: trap_request=0xffffffde fr.pc=0x000001794cbb12e4 relative=0x0000000000000304
Event: 6.276 Thread 0x000001793ab31f70 Uncommon trap: reason=class_check action=maybe_recompile pc=0x000001794cbb12e4 method=java.util.regex.Pattern$BmpCharPropertyGreedy.match(Ljava/util/regex/Matcher;ILjava/lang/CharSequence;)Z @ 26 c2
Event: 6.276 Thread 0x000001793ab31f70 DEOPT PACKING pc=0x000001794cbb12e4 sp=0x0000004aca1fe8b0
Event: 6.276 Thread 0x000001793ab31f70 DEOPT UNPACKING pc=0x000001794c5d46a2 sp=0x0000004aca1fe848 mode 2
Event: 6.276 Thread 0x000001793ab31f70 Uncommon trap: trap_request=0xffffffde fr.pc=0x000001794cbb12e4 relative=0x0000000000000304
Event: 6.276 Thread 0x000001793ab31f70 Uncommon trap: reason=class_check action=maybe_recompile pc=0x000001794cbb12e4 method=java.util.regex.Pattern$BmpCharPropertyGreedy.match(Ljava/util/regex/Matcher;ILjava/lang/CharSequence;)Z @ 26 c2
Event: 6.276 Thread 0x000001793ab31f70 DEOPT PACKING pc=0x000001794cbb12e4 sp=0x0000004aca1fe8b0
Event: 6.276 Thread 0x000001793ab31f70 DEOPT UNPACKING pc=0x000001794c5d46a2 sp=0x0000004aca1fe848 mode 2
Event: 6.276 Thread 0x000001793ab31f70 Uncommon trap: trap_request=0xffffffde fr.pc=0x000001794cbb12e4 relative=0x0000000000000304
Event: 6.276 Thread 0x000001793ab31f70 Uncommon trap: reason=class_check action=maybe_recompile pc=0x000001794cbb12e4 method=java.util.regex.Pattern$BmpCharPropertyGreedy.match(Ljava/util/regex/Matcher;ILjava/lang/CharSequence;)Z @ 26 c2
Event: 6.276 Thread 0x000001793ab31f70 DEOPT PACKING pc=0x000001794cbb12e4 sp=0x0000004aca1fe8b0
Event: 6.276 Thread 0x000001793ab31f70 DEOPT UNPACKING pc=0x000001794c5d46a2 sp=0x0000004aca1fe848 mode 2

Classes loaded (20 events):
Event: 6.921 Loading class sun/nio/ch/FileChannelImpl$Closer
Event: 6.921 Loading class sun/nio/ch/FileChannelImpl$Closer done
Event: 6.921 Loading class java/nio/channels/Channels
Event: 6.922 Loading class java/nio/channels/Channels done
Event: 6.922 Loading class sun/nio/ch/Streams
Event: 6.922 Loading class sun/nio/ch/Streams done
Event: 6.922 Loading class sun/nio/ch/SocketChannelImpl
Event: 6.923 Loading class sun/nio/ch/SelChImpl
Event: 6.923 Loading class sun/nio/ch/SelChImpl done
Event: 6.923 Loading class java/nio/channels/SocketChannel
Event: 6.923 Loading class java/nio/channels/NetworkChannel
Event: 6.923 Loading class java/nio/channels/NetworkChannel done
Event: 6.923 Loading class java/nio/channels/spi/AbstractSelectableChannel
Event: 6.924 Loading class java/nio/channels/SelectableChannel
Event: 6.924 Loading class java/nio/channels/SelectableChannel done
Event: 6.924 Loading class java/nio/channels/spi/AbstractSelectableChannel done
Event: 6.924 Loading class java/nio/channels/SocketChannel done
Event: 6.924 Loading class sun/nio/ch/SocketChannelImpl done
Event: 6.924 Loading class sun/nio/ch/ChannelOutputStream
Event: 6.924 Loading class sun/nio/ch/ChannelOutputStream done

Classes unloaded (0 events):
No events

Classes redefined (0 events):
No events

Internal exceptions (20 events):
Event: 4.740 Thread 0x000001793ab31f70 Exception <a 'java/lang/NoSuchMethodError'{0x00000000c4c2ce90}: 'java.lang.Object java.lang.invoke.DirectMethodHandle$Holder.newInvokeSpecial(java.lang.Object, int, java.lang.Object)'> (0x00000000c4c2ce90) 
thrown [s\open\src\hotspot\share\interpreter\linkResolver.cpp, line 774]
Event: 4.771 Thread 0x000001793ab31f70 Exception <a 'java/lang/NoSuchMethodError'{0x00000000c4c5eb00}: 'java.lang.Object java.lang.invoke.DirectMethodHandle$Holder.newInvokeSpecial(java.lang.Object, java.lang.Object, java.lang.Object, java.lang.Object, java.lang.Object)'> (0x00000000c4c5eb00) 
thrown [s\open\src\hotspot\share\interpreter\linkResolver.cpp, line 774]
Event: 4.812 Thread 0x000001793ab31f70 Exception <a 'java/lang/IncompatibleClassChangeError'{0x00000000c4ce21b8}: Found class java.lang.Object, but interface was expected> (0x00000000c4ce21b8) 
thrown [s\open\src\hotspot\share\interpreter\linkResolver.cpp, line 841]
Event: 4.866 Thread 0x000001793ab31f70 Exception <a 'java/lang/NoSuchMethodError'{0x00000000c4b5ea70}: 'java.lang.Object java.lang.invoke.Invokers$Holder.linkToTargetMethod(java.lang.Object, long, java.lang.Object)'> (0x00000000c4b5ea70) 
thrown [s\open\src\hotspot\share\interpreter\linkResolver.cpp, line 774]
Event: 4.886 Thread 0x000001793ab31f70 Exception <a 'java/lang/NoSuchMethodError'{0x00000000c4b68858}: 'java.lang.Object java.lang.invoke.DirectMethodHandle$Holder.newInvokeSpecial(java.lang.Object, java.lang.Object, int, java.lang.Object, java.lang.Object)'> (0x00000000c4b68858) 
thrown [s\open\src\hotspot\share\interpreter\linkResolver.cpp, line 774]
Event: 5.069 Thread 0x000001793ab31f70 Exception <a 'java/lang/NoSuchMethodError'{0x00000000c4a756b8}: 'java.lang.Object java.lang.invoke.DirectMethodHandle$Holder.invokeStatic(java.lang.Object, java.lang.Object, java.lang.Object, int, java.lang.Object, java.lang.Object)'> (0x00000000c4a756b8) 
thrown [s\open\src\hotspot\share\interpreter\linkResolver.cpp, line 774]
Event: 5.070 Thread 0x000001793ab31f70 Exception <a 'java/lang/NoSuchMethodError'{0x00000000c4a7d238}: 'java.lang.Object java.lang.invoke.DirectMethodHandle$Holder.newInvokeSpecial(java.lang.Object, java.lang.Object, java.lang.Object, int, java.lang.Object)'> (0x00000000c4a7d238) 
thrown [s\open\src\hotspot\share\interpreter\linkResolver.cpp, line 774]
Event: 5.072 Thread 0x000001793ab31f70 Exception <a 'java/lang/NoSuchMethodError'{0x00000000c4a847e0}: 'java.lang.Object java.lang.invoke.Invokers$Holder.linkToTargetMethod(java.lang.Object, java.lang.Object, int, java.lang.Object, java.lang.Object)'> (0x00000000c4a847e0) 
thrown [s\open\src\hotspot\share\interpreter\linkResolver.cpp, line 774]
Event: 5.153 Thread 0x000001793ab31f70 Exception <a 'java/lang/NoSuchMethodError'{0x00000000c4959f60}: 'int java.lang.invoke.DirectMethodHandle$Holder.invokeInterface(java.lang.Object, java.lang.Object)'> (0x00000000c4959f60) 
thrown [s\open\src\hotspot\share\interpreter\linkResolver.cpp, line 774]
Event: 5.186 Thread 0x000001793ab31f70 Exception <a 'java/lang/NoSuchMethodError'{0x00000000c4972070}: 'int java.lang.invoke.DirectMethodHandle$Holder.invokeSpecial(java.lang.Object, java.lang.Object, java.lang.Object, java.lang.Object)'> (0x00000000c4972070) 
thrown [s\open\src\hotspot\share\interpreter\linkResolver.cpp, line 774]
Event: 5.444 Thread 0x000001793ab31f70 Exception <a 'java/lang/NoSuchMethodError'{0x00000000c4719a60}: 'void java.lang.invoke.DirectMethodHandle$Holder.invokeInterface(java.lang.Object, java.lang.Object)'> (0x00000000c4719a60) 
thrown [s\open\src\hotspot\share\interpreter\linkResolver.cpp, line 774]
Event: 5.479 Thread 0x000001793ab31f70 Exception <a 'java/lang/IncompatibleClassChangeError'{0x00000000c4755f30}: Found class java.lang.Object, but interface was expected> (0x00000000c4755f30) 
thrown [s\open\src\hotspot\share\interpreter\linkResolver.cpp, line 841]
Event: 5.481 Thread 0x000001793ab31f70 Exception <a 'java/lang/NoSuchMethodError'{0x00000000c4758880}: 'int java.lang.invoke.DirectMethodHandle$Holder.invokeSpecial(java.lang.Object, java.lang.Object, java.lang.Object, java.lang.Object, java.lang.Object)'> (0x00000000c4758880) 
thrown [s\open\src\hotspot\share\interpreter\linkResolver.cpp, line 774]
Event: 5.574 Thread 0x000001793ab31f70 Exception <a 'java/lang/NoSuchMethodError'{0x00000000c47fc220}: 'long java.lang.invoke.DelegatingMethodHandle$Holder.reinvoke_L(java.lang.Object, java.lang.Object)'> (0x00000000c47fc220) 
thrown [s\open\src\hotspot\share\interpreter\linkResolver.cpp, line 774]
Event: 5.575 Thread 0x000001793ab31f70 Exception <a 'java/lang/NoSuchMethodError'{0x00000000c4606638}: 'void java.lang.invoke.DelegatingMethodHandle$Holder.reinvoke_L(java.lang.Object, java.lang.Object, long)'> (0x00000000c4606638) 
thrown [s\open\src\hotspot\share\interpreter\linkResolver.cpp, line 774]
Event: 5.576 Thread 0x000001793ab31f70 Exception <a 'java/lang/NoSuchMethodError'{0x00000000c460cfc8}: 'long java.lang.invoke.Invokers$Holder.invokeExact_MT(java.lang.Object, java.lang.Object, java.lang.Object)'> (0x00000000c460cfc8) 
thrown [s\open\src\hotspot\share\interpreter\linkResolver.cpp, line 774]
Event: 6.365 Thread 0x000001793ab31f70 Exception <a 'java/lang/NoSuchMethodError'{0x00000000c4f69d88}: 'java.lang.Object java.lang.invoke.DirectMethodHandle$Holder.invokeInterface(java.lang.Object, java.lang.Object, java.lang.Object)'> (0x00000000c4f69d88) 
thrown [s\open\src\hotspot\share\interpreter\linkResolver.cpp, line 774]
Event: 6.375 Thread 0x000001793ab31f70 Exception <a 'java/lang/NoSuchMethodError'{0x00000000c4f9a320}: 'void java.lang.invoke.DirectMethodHandle$Holder.invokeStaticInit(java.lang.Object, java.lang.Object)'> (0x00000000c4f9a320) 
thrown [s\open\src\hotspot\share\interpreter\linkResolver.cpp, line 774]
Event: 6.483 Thread 0x000001793ab31f70 Exception <a 'java/lang/NoSuchMethodError'{0x00000000c4e43ec0}: 'long java.lang.invoke.DirectMethodHandle$Holder.invokeSpecial(java.lang.Object, java.lang.Object, int, java.lang.Object, java.lang.Object)'> (0x00000000c4e43ec0) 
thrown [s\open\src\hotspot\share\interpreter\linkResolver.cpp, line 774]
Event: 6.486 Thread 0x000001793ab31f70 Exception <a 'java/lang/NoSuchMethodError'{0x00000000c4e4fd68}: 'java.lang.Object java.lang.invoke.DirectMethodHandle$Holder.invokeSpecial(java.lang.Object, java.lang.Object, int, java.lang.Object, java.lang.Object)'> (0x00000000c4e4fd68) 
thrown [s\open\src\hotspot\share\interpreter\linkResolver.cpp, line 774]

ZGC Phase Switch (0 events):
No events

VM Operations (20 events):
Event: 4.007 Executing VM operation: G1CollectForAllocation (G1 Evacuation Pause)
Event: 4.015 Executing VM operation: G1CollectForAllocation (G1 Evacuation Pause) done
Event: 4.943 Executing VM operation: HandshakeAllThreads (Deoptimize)
Event: 4.943 Executing VM operation: HandshakeAllThreads (Deoptimize) done
Event: 5.137 Executing VM operation: HandshakeAllThreads (Deoptimize)
Event: 5.137 Executing VM operation: HandshakeAllThreads (Deoptimize) done
Event: 5.137 Executing VM operation: Cleanup
Event: 5.138 Executing VM operation: Cleanup done
Event: 5.647 Executing VM operation: HandshakeAllThreads (Deoptimize)
Event: 5.647 Executing VM operation: HandshakeAllThreads (Deoptimize) done
Event: 5.677 Executing VM operation: HandshakeAllThreads (Deoptimize)
Event: 5.677 Executing VM operation: HandshakeAllThreads (Deoptimize) done
Event: 5.953 Executing VM operation: HandshakeAllThreads (Deoptimize)
Event: 5.954 Executing VM operation: HandshakeAllThreads (Deoptimize) done
Event: 6.016 Executing VM operation: G1CollectForAllocation (G1 Evacuation Pause)
Event: 6.022 Executing VM operation: G1CollectForAllocation (G1 Evacuation Pause) done
Event: 6.117 Executing VM operation: HandshakeAllThreads (Deoptimize)
Event: 6.117 Executing VM operation: HandshakeAllThreads (Deoptimize) done
Event: 7.124 Executing VM operation: Cleanup
Event: 7.125 Executing VM operation: Cleanup done

Events (17 events):
Event: 0.215 Thread 0x000001793ab31f70 Thread added: 0x000001793ab31f70
Event: 0.261 Thread 0x0000017957872a00 Thread added: 0x0000017957872a00
Event: 0.261 Thread 0x0000017957874010 Thread added: 0x0000017957874010
Event: 0.262 Thread 0x0000017957877fd0 Thread added: 0x0000017957877fd0
Event: 0.262 Thread 0x0000017957878b30 Thread added: 0x0000017957878b30
Event: 0.262 Thread 0x000001795789ba70 Thread added: 0x000001795789ba70
Event: 0.262 Thread 0x000001795789c4d0 Thread added: 0x000001795789c4d0
Event: 0.262 Thread 0x000001795789d260 Thread added: 0x000001795789d260
Event: 0.294 Thread 0x000001795790fe40 Thread added: 0x000001795790fe40
Event: 0.909 Thread 0x0000017957af2b40 Thread added: 0x0000017957af2b40
Event: 0.918 Thread 0x0000017957b011a0 Thread added: 0x0000017957b011a0
Event: 3.206 Thread 0x000001799d307730 Thread added: 0x000001799d307730
Event: 5.152 Thread 0x000001799db57d70 Thread added: 0x000001799db57d70
Event: 5.187 Thread 0x000001799db583e0 Thread added: 0x000001799db583e0
Event: 5.190 Thread 0x000001799db5ae60 Thread added: 0x000001799db5ae60
Event: 6.256 Thread 0x000001799d244f30 Thread added: 0x000001799d244f30
Event: 6.390 Thread 0x000001799d307730 Thread exited: 0x000001799d307730


Dynamic libraries:
0x00007ff72d2c0000 - 0x00007ff72d2d0000 	C:\Program Files\Java\jdk-22\bin\javaw.exe
0x00007ffba6570000 - 0x00007ffba6768000 	C:\Windows\SYSTEM32\ntdll.dll
0x00007ffba5550000 - 0x00007ffba560d000 	C:\Windows\System32\KERNEL32.DLL
0x00007ffba4200000 - 0x00007ffba44f6000 	C:\Windows\System32\KERNELBASE.dll
0x00007ffba3d70000 - 0x00007ffba3e70000 	C:\Windows\System32\ucrtbase.dll
0x00007ffb9ddf0000 - 0x00007ffb9de07000 	C:\Program Files\Java\jdk-22\bin\jli.dll
0x00007ffba4de0000 - 0x00007ffba4e90000 	C:\Windows\System32\ADVAPI32.dll
0x00007ffba6020000 - 0x00007ffba60be000 	C:\Windows\System32\msvcrt.dll
0x00007ffba4b30000 - 0x00007ffba4bd0000 	C:\Windows\System32\sechost.dll
0x00007ffba4600000 - 0x00007ffba4723000 	C:\Windows\System32\RPCRT4.dll
0x00007ffba41d0000 - 0x00007ffba41f7000 	C:\Windows\System32\bcrypt.dll
0x00007ffba6320000 - 0x00007ffba64bf000 	C:\Windows\System32\USER32.dll
0x00007ffba3fd0000 - 0x00007ffba3ff2000 	C:\Windows\System32\win32u.dll
0x00007ffba4ef0000 - 0x00007ffba4f1b000 	C:\Windows\System32\GDI32.dll
0x00007ffba40b0000 - 0x00007ffba41c7000 	C:\Windows\System32\gdi32full.dll
0x00007ffba4500000 - 0x00007ffba459d000 	C:\Windows\System32\msvcp_win.dll
0x00007ffb9e050000 - 0x00007ffb9e06b000 	C:\Program Files\Java\jdk-22\bin\VCRUNTIME140.dll
0x00007ffb994f0000 - 0x00007ffb9978a000 	C:\Windows\WinSxS\amd64_microsoft.windows.common-controls_6595b64144ccf1df_6.0.19041.4355_none_60b8b9eb71f62e16\COMCTL32.dll
0x00007ffb972f0000 - 0x00007ffb972fa000 	C:\Windows\SYSTEM32\VERSION.dll
0x00007ffba4730000 - 0x00007ffba4762000 	C:\Windows\System32\IMM32.DLL
0x00007ffb9eba0000 - 0x00007ffb9ebac000 	C:\Program Files\Java\jdk-22\bin\vcruntime140_1.dll
0x00007ffb7b740000 - 0x00007ffb7b7ce000 	C:\Program Files\Java\jdk-22\bin\msvcp140.dll
0x00007ffb70eb0000 - 0x00007ffb71bf7000 	C:\Program Files\Java\jdk-22\bin\server\jvm.dll
0x00007ffba64c0000 - 0x00007ffba652b000 	C:\Windows\System32\WS2_32.dll
0x00007ffba3a70000 - 0x00007ffba3abb000 	C:\Windows\SYSTEM32\POWRPROF.dll
0x00007ffb8da10000 - 0x00007ffb8da37000 	C:\Windows\SYSTEM32\WINMM.dll
0x00007ffba3a50000 - 0x00007ffba3a62000 	C:\Windows\SYSTEM32\UMPDC.dll
0x00007ffba1aa0000 - 0x00007ffba1ab2000 	C:\Windows\SYSTEM32\kernel.appcore.dll
0x00007ffb9eb00000 - 0x00007ffb9eb0a000 	C:\Program Files\Java\jdk-22\bin\jimage.dll
0x00007ffb9bd40000 - 0x00007ffb9bf24000 	C:\Windows\SYSTEM32\DBGHELP.DLL
0x00007ffb9bf80000 - 0x00007ffb9bfb4000 	C:\Windows\SYSTEM32\dbgcore.DLL
0x00007ffba3c70000 - 0x00007ffba3cf2000 	C:\Windows\System32\bcryptPrimitives.dll
0x00007ffb9db50000 - 0x00007ffb9db6e000 	C:\Program Files\Java\jdk-22\bin\java.dll
0x00007ffba5800000 - 0x00007ffba5f6b000 	C:\Windows\System32\SHELL32.dll
0x00007ffba4cb0000 - 0x00007ffba4ddb000 	C:\Windows\System32\ole32.dll
0x00007ffba4770000 - 0x00007ffba4ac3000 	C:\Windows\System32\combase.dll
0x00007ffba1ca0000 - 0x00007ffba243d000 	C:\Windows\SYSTEM32\windows.storage.dll
0x00007ffba3570000 - 0x00007ffba359e000 	C:\Windows\SYSTEM32\Wldp.dll
0x00007ffba6120000 - 0x00007ffba61ed000 	C:\Windows\System32\OLEAUT32.dll
0x00007ffba5f70000 - 0x00007ffba601d000 	C:\Windows\System32\SHCORE.dll
0x00007ffba4e90000 - 0x00007ffba4ee5000 	C:\Windows\System32\shlwapi.dll
0x00007ffba3b50000 - 0x00007ffba3b74000 	C:\Windows\SYSTEM32\profapi.dll
0x00007ffb72f40000 - 0x00007ffb73017000 	C:\Program Files\Java\jdk-22\bin\jsvml.dll
0x00007ffb9ea40000 - 0x00007ffb9ea50000 	C:\Program Files\Java\jdk-22\bin\net.dll
0x00007ffba32d0000 - 0x00007ffba333a000 	C:\Windows\system32\mswsock.dll
0x00007ffb9c180000 - 0x00007ffb9c196000 	C:\Program Files\Java\jdk-22\bin\nio.dll
0x00007ffb9b4e0000 - 0x00007ffb9b4f7000 	C:\Program Files\Java\jdk-22\bin\zip.dll
0x00007ffb9e230000 - 0x00007ffb9e240000 	C:\Program Files\Java\jdk-22\bin\verify.dll
0x00007ffba2ff0000 - 0x00007ffba30bb000 	C:\Windows\SYSTEM32\DNSAPI.dll
0x00007ffba2fb0000 - 0x00007ffba2feb000 	C:\Windows\SYSTEM32\IPHLPAPI.DLL
0x00007ffba61f0000 - 0x00007ffba61f8000 	C:\Windows\System32\NSI.dll
0x00007ffb97110000 - 0x00007ffb9711a000 	C:\Windows\System32\rasadhlp.dll
0x00007ffb97530000 - 0x00007ffb975b0000 	C:\Windows\System32\fwpuclnt.dll
0x00007ffb9db40000 - 0x00007ffb9db49000 	C:\Program Files\Java\jdk-22\bin\extnet.dll
0x00007ffba34d0000 - 0x00007ffba34e8000 	C:\Windows\SYSTEM32\CRYPTSP.dll
0x00007ffba2bf0000 - 0x00007ffba2c24000 	C:\Windows\system32\rsaenh.dll
0x00007ffba3b00000 - 0x00007ffba3b2e000 	C:\Windows\SYSTEM32\USERENV.dll
0x00007ffba34c0000 - 0x00007ffba34cc000 	C:\Windows\SYSTEM32\CRYPTBASE.dll
0x00007ffb9da60000 - 0x00007ffb9da77000 	C:\Windows\system32\napinsp.dll
0x00007ffb9da80000 - 0x00007ffb9da9b000 	C:\Windows\system32\pnrpnsp.dll
0x00007ffb89b40000 - 0x00007ffb89b55000 	C:\Windows\system32\wshbth.dll
0x00007ffb9dd00000 - 0x00007ffb9dd1d000 	C:\Windows\system32\NLAapi.dll
0x00007ffb9ece0000 - 0x00007ffb9ecf2000 	C:\Windows\System32\winrnr.dll

dbghelp: loaded successfully - version: 4.0.5 - missing functions: none
symbol engine: initialized successfully - sym options: 0x614 - pdb path: .;C:\Program Files\Java\jdk-22\bin;C:\Windows\SYSTEM32;C:\Windows\WinSxS\amd64_microsoft.windows.common-controls_6595b64144ccf1df_6.0.19041.4355_none_60b8b9eb71f62e16;C:\Program Files\Java\jdk-22\bin\server

VM Arguments:
jvm_args: -ea -Dfile.encoding=UTF-8 -Dstdout.encoding=UTF-8 -Dstderr.encoding=UTF-8 -XX:+ShowCodeDetailsInExceptionMessages 
java_command: org.testng.remote.RemoteTestNG -serport 50644 -protocol json -d C:\Java Workspace\Learn Java\LearnSelenium\Opencart1.1\test-output C:\Java Workspace\Learn Java\LearnSelenium\Opencart1.1\mastergroup.xml
java_class_path (initial): C:\Users\Admin\eclipse\java-2024-03\eclipse\configuration\org.eclipse.osgi\523\0\.cp\lib\testng-remote.jar;C:\Java Workspace\Learn Java\LearnSelenium\Opencart1.1\target\test-classes;C:\Java Workspace\Learn Java\LearnSelenium\Opencart1.1\target\classes;C:\Users\Admin\.m2\repository\org\seleniumhq\selenium\selenium-java\4.26.0\selenium-java-4.26.0.jar;C:\Users\Admin\.m2\repository\org\seleniumhq\selenium\selenium-api\4.26.0\selenium-api-4.26.0.jar;C:\Users\Admin\.m2\repository\org\jspecify\jspecify\1.0.0\jspecify-1.0.0.jar;C:\Users\Admin\.m2\repository\org\seleniumhq\selenium\selenium-chrome-driver\4.26.0\selenium-chrome-driver-4.26.0.jar;C:\Users\Admin\.m2\repository\com\google\auto\service\auto-service-annotations\1.1.1\auto-service-annotations-1.1.1.jar;C:\Users\Admin\.m2\repository\org\seleniumhq\selenium\selenium-chromium-driver\4.26.0\selenium-chromium-driver-4.26.0.jar;C:\Users\Admin\.m2\repository\org\seleniumhq\selenium\selenium-json\4.26.0\selenium-json-4.26.0.jar;C:\Users\Admin\.m2\repository\org\seleniumhq\selenium\selenium-manager\4.26.0\selenium-manager-4.26.0.jar;C:\Users\Admin\.m2\repository\org\seleniumhq\selenium\selenium-devtools-v128\4.26.0\selenium-devtools-v128-4.26.0.jar;C:\Users\Admin\.m2\repository\org\seleniumhq\selenium\selenium-devtools-v129\4.26.0\selenium-devtools-v129-4.26.0.jar;C:\Users\Admin\.m2\repository\org\seleniumhq\selenium\selenium-devtools-v130\4.26.0\selenium-devtools-v130-4.26.0.jar;C:\Users\Admin\.m2\repository\org\seleniumhq\selenium\selenium-devtools-v85\4.26.0\selenium-devtools-v85-4.26.0.jar;C:\Users\Admin\.m2\repository\org\seleniumhq\selenium\selenium-edge-driver\4.26.0\selenium-edge-driver-4.26.0.jar;C:\Users\Admin\.m2\repository\org\seleniumhq\selenium\selenium-firefox-driver\4.26.0\selenium-firefox-driver-4.26.0.jar;C:\Users\Admin\.m2\repository\org\seleniumhq\selenium\selenium-http\4.26.0\selenium-http-4.26.0.jar;C:\Users\Admin\.m2\repository\dev\failsafe\failsafe\3.3.2\failsafe-3.3.2.jar;C:\Users\Admin\.m2\repository\org\seleniumhq\selenium\selenium-ie-driver\4.26.0\selenium-ie-driver-4.26.0.jar;C:\Users\Admin\.m2\repository\org\seleniumhq\selenium\selenium-remote-driver\4.26.0\selenium-remote-driver-4.26.0.jar;C:\Users\Admin\.m2\repository\com\google\guava\guava\33.3.1-jre\guava-33.3.1-jre.jar;C:\Users\Admin\.m2\repository\com\google\guava\failureaccess\1.0.2\failureaccess-1.0.2.jar;C:\Users\Admin\.m2\repository\com\google\guava\listenablefuture\9999.0-empty-to-avoid-conflict-with-guava\listenablefuture-9999.0-empty-to-avoid-conflict-with-guava.jar;C:\Users\Admin\.m2\repository\com\google\code\findbugs\jsr305\3.0.2\jsr305-3.0.2.jar;C:\Users\Admin\.m2\repository\org\checkerframework\checker-qual\3.43.0\checker-qual-3.43.0.jar;C:\Users\Admin\.m2\repository\com\google\errorprone\error_prone_annotations\2.28.0\error_prone_annotations-2.28.0.jar;C:\Users\Admin\.m2\repository\com\google\j2objc\j2objc-annotations\3.0.0\j2objc-annotations-3.0.0.jar;C:\Users\Admin\.m2\repository\io\opentelemetry\semconv\opentelemetry-semconv\1.25.0-alpha\opentelemetry-semconv-1.25.0-alpha.jar;C:\Users\Admin\.m2\repository\io\opentelemetry\opentelemetry-api\1.43.0\opentelemetry-api-1.43.0.jar;C:\Users\Admin\.m2\repository\io\opentelemetry\opentelemetry-context\1.43.0\opentelemetry-context-1.43.0.jar;C:\Users\Admin\.m2\repository\io\opentelemetry\opentelemetry-exporter-logging\1.43.0\opentelemetry-exporter-logging-1.43.0.jar;C:\Users\Admin\.m2\repository\io\opentelemetry\opentelemetry-sdk-common\1.43.0\opentelemetry-sdk-common-1.43.0.jar;C:\Users\Admin\.m2\repository\io\opentelemetry\opentelemetry-sdk-extension-autoconfigure-spi\1.43.0\opentelemetry-sdk-extension-autoconfigure-spi-1.43.0.jar;C:\Users\Admin\.m2\repository\io\opentelemetry\opentelemetry-sdk-extension-autoconfigure\1.43.0\opentelemetry-sdk-extension-autoconfigure-1.43.0.jar;C:\Users\Admin\.m2\repository\io\opentelemetry\opentelemetry-api-incubator\1.43.0-alpha\opentelemetry-api-incubator-1.43.0-alpha.jar;C:\Users\Admin\.m2\repository\io\opentelemetry\opentelemetry-sdk-trace\1.43.0\opentelemetry-sdk-trace-1.43.0.jar;C:\Users\Admin\.m2\repository\io\opentelemetry\opentelemetry-sdk\1.43.0\opentelemetry-sdk-1.43.0.jar;C:\Users\Admin\.m2\repository\io\opentelemetry\opentelemetry-sdk-metrics\1.43.0\opentelemetry-sdk-metrics-1.43.0.jar;C:\Users\Admin\.m2\repository\io\opentelemetry\opentelemetry-sdk-logs\1.43.0\opentelemetry-sdk-logs-1.43.0.jar;C:\Users\Admin\.m2\repository\net\bytebuddy\byte-buddy\1.15.7\byte-buddy-1.15.7.jar;C:\Users\Admin\.m2\repository\org\seleniumhq\selenium\selenium-os\4.26.0\selenium-os-4.26.0.jar;C:\Users\Admin\.m2\repository\org\apache\commons\commons-exec\1.4.0\commons-exec-1.4.0.jar;C:\Users\Admin\.m2\repository\org\seleniumhq\selenium\selenium-safari-driver\4.26.0\selenium-safari-driver-4.26.0.jar;C:\Users\Admin\.m2\repository\org\seleniumhq\selenium\selenium-support\4.26.0\selenium-support-4.26.0.jar;C:\Users\Admin\.m2\repository\org\apache\poi\poi\5.3.0\poi-5.3.0.jar;C:\Users\Admin\.m2\repository\commons-codec\commons-codec\1.17.0\commons-codec-1.17.0.jar;C:\Users\Admin\.m2\repository\org\apache\commons\commons-collections4\4.4\commons-collections4-4.4.jar;C:\Users\Admin\.m2\repository\org\apache\commons\commons-math3\3.6.1\commons-math3-3.6.1.jar;C:\Users\Admin\.m2\repository\com\zaxxer\SparseBitSet\1.3\SparseBitSet-1.3.jar;C:\Users\Admin\.m2\repository\org\apache\poi\poi-ooxml\5.3.0\poi-ooxml-5.3.0.jar;C:\Users\Admin\.m2\repository\org\apache\poi\poi-ooxml-lite\5.3.0\poi-ooxml-lite-5.3.0.jar;C:\Users\Admin\.m2\repository\org\apache\xmlbeans\xmlbeans\5.2.1\xmlbeans-5.2.1.jar;C:\Users\Admin\.m2\repository\org\apache\commons\commons-compress\1.26.2\commons-compress-1.26.2.jar;C:\Users\Admin\.m2\repository\com\github\virtuald\curvesapi\1.08\curvesapi-1.08.jar;C:\Users\Admin\.m2\repository\org\apache\logging\log4j\log4j-core\2.24.1\log4j-core-2.24.1.jar;C:\Users\Admin\.m2\repository\org\apache\logging\log4j\log4j-api\2.24.1\log4j-api-2.24.1.jar;C:\Users\Admin\.m2\repository\commons-io\commons-io\2.17.0\commons-io-2.17.0.jar;C:\Users\Admin\.m2\repository\org\apache\commons\commons-lang3\3.17.0\commons-lang3-3.17.0.jar;C:\Users\Admin\.m2\repository\org\testng\testng\7.10.2\testng-7.10.2.jar;C:\Users\Admin\.m2\repository\org\slf4j\slf4j-api\1.7.36\slf4j-api-1.7.36.jar;C:\Users\Admin\.m2\repository\com\beust\jcommander\1.82\jcommander-1.82.jar;C:\Users\Admin\.m2\repository\org\webjars\jquery\3.7.1\jquery-3.7.1.jar;C:\Users\Admin\.m2\repository\com\aventstack\extentreports\5.1.2\extentreports-5.1.2.jar;C:\Users\Admin\.m2\repository\io\reactivex\rxjava3\rxjava\3.1.6\rxjava-3.1.6.jar;C:\Users\Admin\.m2\repository\org\reactivestreams\reactive-streams\1.0.4\reactive-streams-1.0.4.jar;C:\Users\Admin\.m2\repository\org\freemarker\freemarker\2.3.32\freemarker-2.3.32.jar;C:\Users\Admin\.m2\repository\org\projectlombok\lombok\1.18.26\lombok-1.18.26.jar;C:\Users\Admin\.m2\repository\com\google\code\gson\gson\2.10.1\gson-2.10.1.jar
Launcher Type: SUN_STANDARD

[Global flags]
     intx CICompilerCount                          = 3                                         {product} {ergonomic}
     uint ConcGCThreads                            = 1                                         {product} {ergonomic}
     uint G1ConcRefinementThreads                  = 4                                         {product} {ergonomic}
   size_t G1HeapRegionSize                         = 1048576                                   {product} {ergonomic}
   size_t InitialHeapSize                          = 67108864                                  {product} {ergonomic}
   size_t MarkStackSize                            = 4194304                                   {product} {ergonomic}
   size_t MaxHeapSize                              = 1054867456                                {product} {ergonomic}
   size_t MaxNewSize                               = 632291328                                 {product} {ergonomic}
   size_t MinHeapDeltaBytes                        = 1048576                                   {product} {ergonomic}
   size_t MinHeapSize                              = 8388608                                   {product} {ergonomic}
    uintx NonNMethodCodeHeapSize                   = 5832780                                {pd product} {ergonomic}
    uintx NonProfiledCodeHeapSize                  = 122912730                              {pd product} {ergonomic}
    uintx ProfiledCodeHeapSize                     = 122912730                              {pd product} {ergonomic}
    uintx ReservedCodeCacheSize                    = 251658240                              {pd product} {ergonomic}
     bool SegmentedCodeCache                       = true                                      {product} {ergonomic}
     bool ShowCodeDetailsInExceptionMessages       = true                                   {manageable} {command line}
   size_t SoftMaxHeapSize                          = 1054867456                             {manageable} {ergonomic}
     bool UseCompressedOops                        = true                           {product lp64_product} {ergonomic}
     bool UseG1GC                                  = true                                      {product} {ergonomic}
     bool UseLargePagesIndividualAllocation        = false                                  {pd product} {ergonomic}

Logging:
Log output configuration:
 #0: stdout all=warning uptime,level,tags foldmultilines=false
 #1: stderr all=off uptime,level,tags foldmultilines=false

Environment Variables:
PATH=C:\Program Files\Common Files\Oracle\Java\javapath;C:\Windows\system32;C:\Windows;C:\Windows\System32\Wbem;C:\Windows\System32\WindowsPowerShell\v1.0\;C:\Windows\System32\OpenSSH\;C:\Program Files\Java\jdk-22\bin;C:\Users\Admin\AppData\Local\Microsoft\WindowsApps;
USERNAME=Admin
OS=Windows_NT
PROCESSOR_IDENTIFIER=Intel64 Family 6 Model 61 Stepping 4, GenuineIntel
TMP=C:\Users\Admin\AppData\Local\Temp
TEMP=C:\Users\Admin\AppData\Local\Temp




Periodic native trim disabled

---------------  S Y S T E M  ---------------

OS:
 Windows 10 , 64 bit Build 19041 (10.0.19041.3636)
OS uptime: 27 days 23:56 hours

CPU: total 4 (initial active 4) (2 cores per cpu, 2 threads per core) family 6 model 61 stepping 4 microcode 0x2d, cx8, cmov, fxsr, ht, mmx, 3dnowpref, sse, sse2, sse3, ssse3, sse4.1, sse4.2, popcnt, lzcnt, tsc, tscinvbit, avx, avx2, aes, erms, clmul, bmi1, bmi2, adx, fma, vzeroupper, clflush, rdtscp, f16c
Processor Information for all 4 processors :
  Max Mhz: 2201, Current Mhz: 2201, Mhz Limit: 2201

Memory: 4k page, system-wide physical 4016M (418M free)
TotalPageFile size 16304M (AvailPageFile size 1M)
current process WorkingSet (physical memory assigned to process): 101M, peak: 101M
current process commit charge ("private bytes"): 175M, peak: 175M

vm_info: Java HotSpot(TM) 64-Bit Server VM (22.0.1+8-16) for windows-amd64 JRE (22.0.1+8-16), built on 2024-03-12T10:33:16Z by "mach5one" with MS VC++ 17.6 (VS2022)

END.
